<?xml version="1.0" encoding="UTF-8"?>
<robot generator="Robot 3.2.2 (Python 3.8.8 on darwin)" generated="20210402 16:28:14.939" rpa="false">
<suite id="s1" name="Example" source="/private/tmp/example.robot">
<test id="s1-t1" name="FakeTestResult">
<kw name="Pass Execution" library="BuiltIn">
<doc>Skips rest of the current test, setup, or teardown with PASS status.</doc>
<arguments>
<arg>Good Robot!</arg>
</arguments>
<msg timestamp="20210402 16:28:14.960" level="INFO">Execution passed with message:
Good Robot!</msg>
<status status="PASS" starttime="20210402 16:28:14.959" endtime="20210402 16:28:14.960"></status>
</kw>
<tags>
<tag>Bender</tag>
<tag>Bishop</tag>
<tag>C-3PO</tag>
<tag>Curiosity</tag>
<tag>Huey Dewey and Louie</tag>
<tag>Johnny 5</tag>
<tag>Optimus Prime</tag>
<tag>Perserverance</tag>
<tag>R2-D2</tag>
<tag>Robby</tag>
<tag>Rosie</tag>
<tag>T-1000</tag>
<tag>The Iron Giant</tag>
<tag>WALL-E</tag>
</tags>
<status status="PASS" starttime="20210402 16:28:14.959" endtime="20210402 16:28:14.960" critical="yes">Good Robot!</status>
</test>
<doc>Test cases with lots of tags, for testing the results importer
The goal is to have over 100 bytes worth of tags</doc>
<status status="PASS" starttime="20210402 16:28:14.940" endtime="20210402 16:28:14.960"></status>
</suite>
<statistics>
<total>
<stat pass="1" fail="0">Critical Tests</stat>
<stat pass="1" fail="0">All Tests</stat>
</total>
<tag>
<stat pass="1" fail="0">Bender</stat>
<stat pass="1" fail="0">Bishop</stat>
<stat pass="1" fail="0">C-3PO</stat>
<stat pass="1" fail="0">Curiosity</stat>
<stat pass="1" fail="0">Huey Dewey and Louie</stat>
<stat pass="1" fail="0">Johnny 5</stat>
<stat pass="1" fail="0">Louie</stat>
<stat pass="1" fail="0">Optimus Prime</stat>
<stat pass="1" fail="0">Perserverance</stat>
<stat pass="1" fail="0">R2-D2</stat>
<stat pass="1" fail="0">Robby</stat>
<stat pass="1" fail="0">Rosie</stat>
<stat pass="1" fail="0">T-1000</stat>
<stat pass="1" fail="0">The Iron Giant</stat>
<stat pass="1" fail="0">WALL-E</stat>
</tag>
<suite>
<stat pass="1" fail="0" id="s1" name="Example">Example</stat>
</suite>
</statistics>
<errors>
</errors>
</robot>
