<?xml version="1.0" encoding="UTF-8"?>
<robot generator="Rebot 4.0.1 (Python 3.8.9 on darwin)" generated="20210511 10:42:53.478" rpa="false" schemaversion="2">
<suite id="s1" name="Nested" source="/Users/pprescod/code/CumulusCI/cumulusci/robotframework/tests">
<suite id="s1-s1" name="Cumulusci" source="/Users/pprescod/code/CumulusCI/cumulusci/robotframework/tests/cumulusci">
<suite id="s1-s1-s1" name="Base" source="/Users/pprescod/code/CumulusCI/cumulusci/robotframework/tests/cumulusci/base.robot">
<test id="s1-s1-s1-t1" name="AAAAA Test Set Login Url">
<kw name="Set Login Url" library="cumulusci.robotframework.CumulusCI">
<doc>Sets the LOGIN_URL variable in the suite scope which will
automatically log into the target Salesforce org.</doc>
<msg timestamp="20191023 09:38:43.700" level="INFO">${LOGIN_URL} = https://efficiency-fun-590-dev-ed.cs93.my.salesforce.com/secur/frontdoor.jsp?sid=MASKED</msg>
<status status="PASS" starttime="20191023 09:38:43.700" endtime="20191023 09:38:43.701"/>
</kw>
<kw name="Variable Should Exist" library="BuiltIn">
<arg>${LOGIN_URL}</arg>
<doc>Fails unless the given variable exists within the current scope.</doc>
<status status="PASS" starttime="20191023 09:38:43.701" endtime="20191023 09:38:43.701"/>
</kw>
<status status="PASS" starttime="20191023 09:38:43.500" endtime="20191023 09:38:43.75"/>
</test>
<test id="s1-s1-s1-t2" name="Test Login Url">
<kw name="Login Url" library="cumulusci.robotframework.CumulusCI">
<var>${login_url}</var>
<doc>Returns the login url which will automatically log into the target
Salesforce org.  By default, the org_name passed to the library
constructor is used but this can be overridden with the org option
to log into a different org.</doc>
<msg timestamp="20191023 09:38:43.702" level="INFO">${login_url} = https://efficiency-fun-590-dev-ed.cs93.my.salesforce.com/secur/frontdoor.jsp?sid=MASKED</msg>
<status status="PASS" starttime="20191023 09:38:43.702" endtime="20191023 09:38:43.702"/>
</kw>
<kw name="Should Contain" library="BuiltIn">
<arg>${login_url}</arg>
<arg>secur/frontdoor.jsp?sid=</arg>
<doc>Fails if ``container`` does not contain ``item`` one or more times.</doc>
<status status="PASS" starttime="20191023 09:38:43.702" endtime="20191023 09:38:43.702"/>
</kw>
<status status="PASS" starttime="20191023 09:38:43.701" endtime="20191023 09:38:43.702"/>
</test>
<test id="s1-s1-s1-t3" name="Test Get Org Info">
<kw name="Get Org Info" library="cumulusci.robotframework.CumulusCI">
<var>&amp;{org_info}</var>
<doc>Returns a dictionary of the org information for the current target
Salesforce org</doc>
<msg timestamp="20191023 09:38:43.704" level="INFO">&amp;{org_info} = { config_file=orgs/dev.json | days=7 | set_password=False | scratch=True | namespaced=False | config_name=dev | sfdx_alias=CumulusCI__dev | scratch_org_type=workspace | email_address=pprescod@salesfor...</msg>
<status status="PASS" starttime="20191023 09:38:43.703" endtime="20191023 09:38:43.704"/>
</kw>
<kw name="Dictionary Should Contain Key" library="Collections">
<arg>${org_info}</arg>
<arg>org_id</arg>
<doc>Fails if ``key`` is not found from ``dictionary``.</doc>
<status status="PASS" starttime="20191023 09:38:43.704" endtime="20191023 09:38:43.704"/>
</kw>
<kw name="Dictionary Should Contain Key" library="Collections">
<arg>${org_info}</arg>
<arg>username</arg>
<doc>Fails if ``key`` is not found from ``dictionary``.</doc>
<status status="PASS" starttime="20191023 09:38:43.704" endtime="20191023 09:38:43.705"/>
</kw>
<status status="PASS" starttime="20191023 09:38:43.703" endtime="20191023 09:38:43.705"/>
</test>
<test id="s1-s1-s1-t4" name="Test Get Namespace Prefix">
<kw name="Get Namespace Prefix" library="cumulusci.robotframework.CumulusCI">
<var>${ns}</var>
<doc>Returns the namespace prefix (including __) for the specified package name.
(Defaults to project__package__name_managed from the current project config.)</doc>
<msg timestamp="20191023 09:38:44.288" level="INFO">${ns} = </msg>
<status status="PASS" starttime="20191023 09:38:43.706" endtime="20191023 09:38:44.288"/>
</kw>
<kw name="Should Be Empty" library="BuiltIn">
<arg>${ns}</arg>
<doc>Verifies that the given item is empty.</doc>
<msg timestamp="20191023 09:38:44.288" level="INFO">Length is 0</msg>
<status status="PASS" starttime="20191023 09:38:44.288" endtime="20191023 09:38:44.288"/>
</kw>
<status status="PASS" starttime="20191023 09:38:43.705" endtime="20191023 09:38:44.289"/>
</test>
<test id="s1-s1-s1-t5" name="Test Run Task">
<kw name="Run Task" library="cumulusci.robotframework.CumulusCI">
<arg>create_package</arg>
<doc>Runs a named CumulusCI task for the current project with optional
support for overriding task options via kwargs.</doc>
<status status="PASS" starttime="20191023 09:38:44.289" endtime="20191023 09:38:48.254"/>
</kw>
<status status="PASS" starttime="20191023 09:38:44.289" endtime="20191023 09:38:48.255"/>
</test>
<test id="s1-s1-s1-t6" name="Test Run Task With Options">
<kw name="Run Task" library="cumulusci.robotframework.CumulusCI">
<arg>create_package</arg>
<arg>package=Test Package</arg>
<doc>Runs a named CumulusCI task for the current project with optional
support for overriding task options via kwargs.</doc>
<status status="PASS" starttime="20191023 09:38:48.257" endtime="20191023 09:38:51.204"/>
</kw>
<status status="PASS" starttime="20191023 09:38:48.256" endtime="20191023 09:38:51.204"/>
</test>
<test id="s1-s1-s1-t7" name="Test Run Task Missing">
<kw name="Run Keyword And Expect Error" library="BuiltIn">
<arg>TaskNotFoundError: Task not found: does_not_exist</arg>
<arg>Run Task</arg>
<arg>does_not_exist</arg>
<doc>Runs the keyword and checks that the expected error occurred.</doc>
<kw name="Run Task" library="cumulusci.robotframework.CumulusCI">
<arg>does_not_exist</arg>
<doc>Runs a named CumulusCI task for the current project with optional
support for overriding task options via kwargs.</doc>
<msg timestamp="20191023 09:38:51.212" level="FAIL">TaskNotFoundError: Task not found: does_not_exist</msg>
<status status="FAIL" starttime="20191023 09:38:51.207" endtime="20191023 09:38:51.212"/>
</kw>
<status status="PASS" starttime="20191023 09:38:51.206" endtime="20191023 09:38:51.213"/>
</kw>
<status status="PASS" starttime="20191023 09:38:51.205" endtime="20191023 09:38:51.213"/>
</test>
<test id="s1-s1-s1-t8" name="Test Run Task Class">
<kw name="Run Task Class" library="cumulusci.robotframework.CumulusCI">
<arg>cumulusci.tasks.salesforce.CreatePackage</arg>
<doc>Runs a CumulusCI task class with task options via kwargs.</doc>
<status status="PASS" starttime="20191023 09:38:51.214" endtime="20191023 09:38:54.801"/>
</kw>
<status status="PASS" starttime="20191023 09:38:51.213" endtime="20191023 09:38:54.802"/>
</test>
<test id="s1-s1-s1-t9" name="Test Run Task Class With Options">
<kw name="Run Task Class" library="cumulusci.robotframework.CumulusCI">
<arg>cumulusci.tasks.salesforce.CreatePackage</arg>
<arg>package=Test Package</arg>
<doc>Runs a CumulusCI task class with task options via kwargs.</doc>
<status status="PASS" starttime="20191023 09:38:54.805" endtime="20191023 09:38:58.263"/>
</kw>
<status status="PASS" starttime="20191023 09:38:54.802" endtime="20191023 09:38:58.264"/>
</test>
<status status="PASS" starttime="20191023 09:38:43.649" endtime="20191023 09:38:58.266"/>
</suite>
<suite id="s1-s1-s2" name="Bulkdata" source="/Users/pprescod/code/CumulusCI/cumulusci/robotframework/tests/cumulusci/bulkdata.robot">
<test id="s1-s1-s2-t1" name="Test Run Bulk Data Generation">
<kw name="Run Task Class" library="cumulusci.robotframework.CumulusCI">
<arg>cumulusci.tasks.bulkdata.delete.DeleteData</arg>
<arg>objects=Account</arg>
<arg>where=BillingStreet='Baker St.'</arg>
<doc>Runs a CumulusCI task class with task options via kwargs.</doc>
<status status="PASS" starttime="20191023 09:38:58.540" endtime="20191023 09:39:06.671"/>
</kw>
<kw name="Run Task Class" library="cumulusci.robotframework.CumulusCI">
<arg>cumulusci.tasks.bulkdata.delete.DeleteData</arg>
<arg>objects=Contact</arg>
<arg>where=MailingStreet='Baker St.'</arg>
<doc>Runs a CumulusCI task class with task options via kwargs.</doc>
<status status="PASS" starttime="20191023 09:39:06.672" endtime="20191023 09:39:13.447"/>
</kw>
<kw name="Run Task Class" library="cumulusci.robotframework.CumulusCI">
<arg>cumulusci.tasks.bulkdata.generate_and_load_data.GenerateAndLoadData</arg>
<arg>num_records=20</arg>
<arg>mapping=cumulusci/tasks/bulkdata/tests/mapping_vanilla_sf.yml</arg>
<arg>data_generation_task=cumulusci.tasks.bulkdata.tests.dummy_data_factory.GenerateDummyData</arg>
<doc>Runs a CumulusCI task class with task options via kwargs.</doc>
<status status="PASS" starttime="20191023 09:39:13.447" endtime="20191023 09:39:26.164"/>
</kw>
<kw name="Assert Row Count">
<arg>20</arg>
<arg>Account</arg>
<arg>BillingStreet=Baker St.</arg>
<kw name="Run Keyword And Ignore Error" library="BuiltIn">
<var>${status}</var>
<var>${result}</var>
<arg>Salesforce Query</arg>
<arg>${object_name}</arg>
<arg>select=COUNT(Id)</arg>
<arg>&amp;{kwargs}</arg>
<doc>Runs the given keyword with the given arguments and ignores possible error.</doc>
<kw name="Salesforce Query" library="cumulusci.robotframework.Salesforce">
<arg>${object_name}</arg>
<arg>select=COUNT(Id)</arg>
<arg>&amp;{kwargs}</arg>
<doc>Constructs and runs a simple SOQL query and returns the dict results</doc>
<msg timestamp="20191023 09:39:26.165" level="INFO">Running SOQL Query: SELECT COUNT(Id) FROM Account WHERE BillingStreet = 'Baker St.'</msg>
<status status="PASS" starttime="20191023 09:39:26.165" endtime="20191023 09:39:26.928"/>
</kw>
<msg timestamp="20191023 09:39:26.928" level="INFO">${status} = PASS</msg>
<msg timestamp="20191023 09:39:26.928" level="INFO">${result} = [OrderedDict([('attributes', OrderedDict([('type', 'AggregateResult')])), ('expr0', 20)])]</msg>
<status status="PASS" starttime="20191023 09:39:26.165" endtime="20191023 09:39:26.928"/>
</kw>
<kw name="Run Keyword If" library="BuiltIn">
<arg>'${status}' != 'PASS'</arg>
<arg>Log</arg>
<arg>Salesforce query failed: probably timeout. ${object_name} ${result}</arg>
<arg>console=True</arg>
<doc>Runs the given keyword with the given arguments, if ``condition`` is true.</doc>
<status status="PASS" starttime="20191023 09:39:26.929" endtime="20191023 09:39:26.930"/>
</kw>
<kw name="Should Be Equal" library="BuiltIn">
<arg>PASS</arg>
<arg>${status}</arg>
<doc>Fails if the given objects are unequal.</doc>
<status status="PASS" starttime="20191023 09:39:26.930" endtime="20191023 09:39:26.930"/>
</kw>
<kw name="Set Variable" library="BuiltIn">
<var>${matching_records}</var>
<arg>${result}[0][expr0]</arg>
<doc>Returns the given values which can then be assigned to a variables.</doc>
<msg timestamp="20191023 09:39:26.931" level="INFO">${matching_records} = 20</msg>
<status status="PASS" starttime="20191023 09:39:26.930" endtime="20191023 09:39:26.931"/>
</kw>
<kw name="Should Be Equal As Numbers" library="BuiltIn">
<arg>${matching_records}</arg>
<arg>${count}</arg>
<doc>Fails if objects are unequal after converting them to real numbers.</doc>
<msg timestamp="20191023 09:39:26.931" level="INFO">Argument types are:
&lt;class 'int'&gt;
&lt;type 'unicode'&gt;</msg>
<status status="PASS" starttime="20191023 09:39:26.931" endtime="20191023 09:39:26.931"/>
</kw>
<status status="PASS" starttime="20191023 09:39:26.164" endtime="20191023 09:39:26.932"/>
</kw>
<kw name="Assert Row Count">
<arg>15</arg>
<arg>Contact</arg>
<arg>MailingStreet=Baker St.</arg>
<kw name="Run Keyword And Ignore Error" library="BuiltIn">
<var>${status}</var>
<var>${result}</var>
<arg>Salesforce Query</arg>
<arg>${object_name}</arg>
<arg>select=COUNT(Id)</arg>
<arg>&amp;{kwargs}</arg>
<doc>Runs the given keyword with the given arguments and ignores possible error.</doc>
<kw name="Salesforce Query" library="cumulusci.robotframework.Salesforce">
<arg>${object_name}</arg>
<arg>select=COUNT(Id)</arg>
<arg>&amp;{kwargs}</arg>
<doc>Constructs and runs a simple SOQL query and returns the dict results</doc>
<msg timestamp="20191023 09:39:26.933" level="INFO">Running SOQL Query: SELECT COUNT(Id) FROM Contact WHERE MailingStreet = 'Baker St.'</msg>
<status status="PASS" starttime="20191023 09:39:26.933" endtime="20191023 09:39:27.082"/>
</kw>
<msg timestamp="20191023 09:39:27.082" level="INFO">${status} = PASS</msg>
<msg timestamp="20191023 09:39:27.082" level="INFO">${result} = [OrderedDict([('attributes', OrderedDict([('type', 'AggregateResult')])), ('expr0', 15)])]</msg>
<status status="PASS" starttime="20191023 09:39:26.932" endtime="20191023 09:39:27.082"/>
</kw>
<kw name="Run Keyword If" library="BuiltIn">
<arg>'${status}' != 'PASS'</arg>
<arg>Log</arg>
<arg>Salesforce query failed: probably timeout. ${object_name} ${result}</arg>
<arg>console=True</arg>
<doc>Runs the given keyword with the given arguments, if ``condition`` is true.</doc>
<status status="PASS" starttime="20191023 09:39:27.083" endtime="20191023 09:39:27.084"/>
</kw>
<kw name="Should Be Equal" library="BuiltIn">
<arg>PASS</arg>
<arg>${status}</arg>
<doc>Fails if the given objects are unequal.</doc>
<status status="PASS" starttime="20191023 09:39:27.084" endtime="20191023 09:39:27.084"/>
</kw>
<kw name="Set Variable" library="BuiltIn">
<var>${matching_records}</var>
<arg>${result}[0][expr0]</arg>
<doc>Returns the given values which can then be assigned to a variables.</doc>
<msg timestamp="20191023 09:39:27.085" level="INFO">${matching_records} = 15</msg>
<status status="PASS" starttime="20191023 09:39:27.085" endtime="20191023 09:39:27.085"/>
</kw>
<kw name="Should Be Equal As Numbers" library="BuiltIn">
<arg>${matching_records}</arg>
<arg>${count}</arg>
<doc>Fails if objects are unequal after converting them to real numbers.</doc>
<msg timestamp="20191023 09:39:27.087" level="INFO">Argument types are:
&lt;class 'int'&gt;
&lt;type 'unicode'&gt;</msg>
<status status="PASS" starttime="20191023 09:39:27.085" endtime="20191023 09:39:27.087"/>
</kw>
<status status="PASS" starttime="20191023 09:39:26.932" endtime="20191023 09:39:27.087"/>
</kw>
<tag>bulkdata</tag>
<status status="PASS" starttime="20191023 09:38:58.539" endtime="20191023 09:39:27.088"/>
</test>
<test id="s1-s1-s2-t2" name="Test Batching">
<kw name="Run Task Class" library="cumulusci.robotframework.CumulusCI">
<arg>cumulusci.tasks.bulkdata.delete.DeleteData</arg>
<arg>objects=Account</arg>
<arg>where=BillingStreet='Baker St.'</arg>
<doc>Runs a CumulusCI task class with task options via kwargs.</doc>
<status status="PASS" starttime="20191023 09:39:27.089" endtime="20191023 09:39:38.109"/>
</kw>
<kw name="Run Task Class" library="cumulusci.robotframework.CumulusCI">
<arg>cumulusci.tasks.bulkdata.delete.DeleteData</arg>
<arg>objects=Contact</arg>
<arg>where=MailingStreet='Baker St.'</arg>
<doc>Runs a CumulusCI task class with task options via kwargs.</doc>
<status status="PASS" starttime="20191023 09:39:38.109" endtime="20191023 09:39:44.431"/>
</kw>
<kw name="Run Task Class" library="cumulusci.robotframework.CumulusCI">
<arg>cumulusci.tasks.bulkdata.generate_and_load_data.GenerateAndLoadData</arg>
<arg>num_records=20</arg>
<arg>mapping=cumulusci/tasks/bulkdata/tests/mapping_vanilla_sf.yml</arg>
<arg>batch_size=4</arg>
<arg>data_generation_task=cumulusci.tasks.bulkdata.tests.dummy_data_factory.GenerateDummyData</arg>
<doc>Runs a CumulusCI task class with task options via kwargs.</doc>
<status status="PASS" starttime="20191023 09:39:44.432" endtime="20191023 09:40:43.443"/>
</kw>
<kw name="Assert Row Count">
<arg>20</arg>
<arg>Account</arg>
<arg>BillingStreet=Baker St.</arg>
<kw name="Run Keyword And Ignore Error" library="BuiltIn">
<var>${status}</var>
<var>${result}</var>
<arg>Salesforce Query</arg>
<arg>${object_name}</arg>
<arg>select=COUNT(Id)</arg>
<arg>&amp;{kwargs}</arg>
<doc>Runs the given keyword with the given arguments and ignores possible error.</doc>
<kw name="Salesforce Query" library="cumulusci.robotframework.Salesforce">
<arg>${object_name}</arg>
<arg>select=COUNT(Id)</arg>
<arg>&amp;{kwargs}</arg>
<doc>Constructs and runs a simple SOQL query and returns the dict results</doc>
<msg timestamp="20191023 09:40:43.445" level="INFO">Running SOQL Query: SELECT COUNT(Id) FROM Account WHERE BillingStreet = 'Baker St.'</msg>
<status status="PASS" starttime="20191023 09:40:43.444" endtime="20191023 09:40:43.627"/>
</kw>
<msg timestamp="20191023 09:40:43.628" level="INFO">${status} = PASS</msg>
<msg timestamp="20191023 09:40:43.628" level="INFO">${result} = [OrderedDict([('attributes', OrderedDict([('type', 'AggregateResult')])), ('expr0', 20)])]</msg>
<status status="PASS" starttime="20191023 09:40:43.444" endtime="20191023 09:40:43.628"/>
</kw>
<kw name="Run Keyword If" library="BuiltIn">
<arg>'${status}' != 'PASS'</arg>
<arg>Log</arg>
<arg>Salesforce query failed: probably timeout. ${object_name} ${result}</arg>
<arg>console=True</arg>
<doc>Runs the given keyword with the given arguments, if ``condition`` is true.</doc>
<status status="PASS" starttime="20191023 09:40:43.628" endtime="20191023 09:40:43.629"/>
</kw>
<kw name="Should Be Equal" library="BuiltIn">
<arg>PASS</arg>
<arg>${status}</arg>
<doc>Fails if the given objects are unequal.</doc>
<status status="PASS" starttime="20191023 09:40:43.629" endtime="20191023 09:40:43.629"/>
</kw>
<kw name="Set Variable" library="BuiltIn">
<var>${matching_records}</var>
<arg>${result}[0][expr0]</arg>
<doc>Returns the given values which can then be assigned to a variables.</doc>
<msg timestamp="20191023 09:40:43.630" level="INFO">${matching_records} = 20</msg>
<status status="PASS" starttime="20191023 09:40:43.630" endtime="20191023 09:40:43.630"/>
</kw>
<kw name="Should Be Equal As Numbers" library="BuiltIn">
<arg>${matching_records}</arg>
<arg>${count}</arg>
<doc>Fails if objects are unequal after converting them to real numbers.</doc>
<msg timestamp="20191023 09:40:43.630" level="INFO">Argument types are:
&lt;class 'int'&gt;
&lt;type 'unicode'&gt;</msg>
<status status="PASS" starttime="20191023 09:40:43.630" endtime="20191023 09:40:43.631"/>
</kw>
<status status="PASS" starttime="20191023 09:40:43.443" endtime="20191023 09:40:43.631"/>
</kw>
<kw name="Assert Row Count">
<arg>15</arg>
<arg>Contact</arg>
<arg>MailingStreet=Baker St.</arg>
<kw name="Run Keyword And Ignore Error" library="BuiltIn">
<var>${status}</var>
<var>${result}</var>
<arg>Salesforce Query</arg>
<arg>${object_name}</arg>
<arg>select=COUNT(Id)</arg>
<arg>&amp;{kwargs}</arg>
<doc>Runs the given keyword with the given arguments and ignores possible error.</doc>
<kw name="Salesforce Query" library="cumulusci.robotframework.Salesforce">
<arg>${object_name}</arg>
<arg>select=COUNT(Id)</arg>
<arg>&amp;{kwargs}</arg>
<doc>Constructs and runs a simple SOQL query and returns the dict results</doc>
<msg timestamp="20191023 09:40:43.632" level="INFO">Running SOQL Query: SELECT COUNT(Id) FROM Contact WHERE MailingStreet = 'Baker St.'</msg>
<status status="PASS" starttime="20191023 09:40:43.632" endtime="20191023 09:40:43.889"/>
</kw>
<msg timestamp="20191023 09:40:43.890" level="INFO">${status} = PASS</msg>
<msg timestamp="20191023 09:40:43.890" level="INFO">${result} = [OrderedDict([('attributes', OrderedDict([('type', 'AggregateResult')])), ('expr0', 15)])]</msg>
<status status="PASS" starttime="20191023 09:40:43.632" endtime="20191023 09:40:43.890"/>
</kw>
<kw name="Run Keyword If" library="BuiltIn">
<arg>'${status}' != 'PASS'</arg>
<arg>Log</arg>
<arg>Salesforce query failed: probably timeout. ${object_name} ${result}</arg>
<arg>console=True</arg>
<doc>Runs the given keyword with the given arguments, if ``condition`` is true.</doc>
<status status="PASS" starttime="20191023 09:40:43.890" endtime="20191023 09:40:43.891"/>
</kw>
<kw name="Should Be Equal" library="BuiltIn">
<arg>PASS</arg>
<arg>${status}</arg>
<doc>Fails if the given objects are unequal.</doc>
<status status="PASS" starttime="20191023 09:40:43.891" endtime="20191023 09:40:43.891"/>
</kw>
<kw name="Set Variable" library="BuiltIn">
<var>${matching_records}</var>
<arg>${result}[0][expr0]</arg>
<doc>Returns the given values which can then be assigned to a variables.</doc>
<msg timestamp="20191023 09:40:43.892" level="INFO">${matching_records} = 15</msg>
<status status="PASS" starttime="20191023 09:40:43.892" endtime="20191023 09:40:43.892"/>
</kw>
<kw name="Should Be Equal As Numbers" library="BuiltIn">
<arg>${matching_records}</arg>
<arg>${count}</arg>
<doc>Fails if objects are unequal after converting them to real numbers.</doc>
<msg timestamp="20191023 09:40:43.893" level="INFO">Argument types are:
&lt;class 'int'&gt;
&lt;type 'unicode'&gt;</msg>
<status status="PASS" starttime="20191023 09:40:43.892" endtime="20191023 09:40:43.893"/>
</kw>
<status status="PASS" starttime="20191023 09:40:43.631" endtime="20191023 09:40:43.893"/>
</kw>
<tag>bulkdata</tag>
<status status="PASS" starttime="20191023 09:39:27.088" endtime="20191023 09:40:43.893"/>
</test>
<test id="s1-s1-s2-t3" name="Test Error Handling">
<kw name="Run Keyword And Expect Error" library="BuiltIn">
<arg>STARTS:TaskOptionsError:</arg>
<arg>Run Task Class</arg>
<arg>cumulusci.tasks.bulkdata.generate_and_load_data.GenerateAndLoadData</arg>
<arg>num_records=20</arg>
<arg>mapping=cumulusci/tasks/bulkdata/tests/mapping_vanilla_sf.yml</arg>
<arg>batch_size=5</arg>
<arg>database_url=sqlite:////tmp/foo.db</arg>
<arg>data_generation_task=cumulusci.tasks.bulkdata.tests.dummy_data_factory.GenerateDummyData</arg>
<doc>Runs the keyword and checks that the expected error occurred.</doc>
<kw name="Run Task Class" library="cumulusci.robotframework.CumulusCI">
<arg>cumulusci.tasks.bulkdata.generate_and_load_data.GenerateAndLoadData</arg>
<arg>num_records=20</arg>
<arg>mapping=cumulusci/tasks/bulkdata/tests/mapping_vanilla_sf.yml</arg>
<arg>batch_size=5</arg>
<arg>database_url=sqlite:////tmp/foo.db</arg>
<arg>data_generation_task=cumulusci.tasks.bulkdata.tests.dummy_data_factory.GenerateDummyData</arg>
<doc>Runs a CumulusCI task class with task options via kwargs.</doc>
<msg timestamp="20191023 09:40:43.899" level="FAIL">TaskOptionsError: You may not specify both `database_url` and `batch_size` options.</msg>
<status status="FAIL" starttime="20191023 09:40:43.895" endtime="20191023 09:40:43.899"/>
</kw>
<status status="PASS" starttime="20191023 09:40:43.895" endtime="20191023 09:40:43.899"/>
</kw>
<tag>bulkdata</tag>
<status status="PASS" starttime="20191023 09:40:43.894" endtime="20191023 09:40:43.899"/>
</test>
<status status="PASS" starttime="20191023 09:38:58.270" endtime="20191023 09:40:43.901"/>
</suite>
<suite id="s1-s1-s3" name="Communities" source="/Users/pprescod/code/CumulusCI/cumulusci/robotframework/tests/cumulusci/communities.robot">
<kw name="Run Keywords" library="BuiltIn" type="SETUP">
<arg>Ensure community exists</arg>
<arg>Kōkua</arg>
<arg>kokua</arg>
<arg>AND</arg>
<arg>Ensure community exists</arg>
<arg>Ohana</arg>
<arg>ohana</arg>
<doc>Executes all the given keywords in a sequence.</doc>
<kw name="Ensure community exists">
<arg>Kōkua</arg>
<arg>kokua</arg>
<doc>Creates a community with the given name if it doesn't exist</doc>
<kw name="Run Keyword And Return Status" library="BuiltIn">
<var>${passed}</var>
<arg>get community info</arg>
<arg>${community name}</arg>
<doc>Runs the given keyword with given arguments and returns the status as a Boolean value.</doc>
<kw name="Get Community Info" library="cumulusci.robotframework.CumulusCI">
<arg>${community name}</arg>
<doc>This keyword uses the Salesforce API to get information about a community.</doc>
<msg timestamp="20191023 09:40:44.925" level="FAIL">Unable to find community information for 'Kōkua'</msg>
<status status="FAIL" starttime="20191023 09:40:43.980" endtime="20191023 09:40:44.925"/>
</kw>
<msg timestamp="20191023 09:40:44.925" level="INFO">${passed} = False</msg>
<status status="PASS" starttime="20191023 09:40:43.980" endtime="20191023 09:40:44.925"/>
</kw>
<kw name="Run Keyword If" library="BuiltIn">
<arg>not $passed</arg>
<arg>run task</arg>
<arg>create_community</arg>
<arg>template=VF Template</arg>
<arg>name=${community name}</arg>
<arg>url_path_prefix=${url prefix}</arg>
<doc>Runs the given keyword with the given arguments, if ``condition`` is true.</doc>
<kw name="Run Task" library="cumulusci.robotframework.CumulusCI">
<arg>create_community</arg>
<arg>template=VF Template</arg>
<arg>name=${community name}</arg>
<arg>url_path_prefix=${url prefix}</arg>
<doc>Runs a named CumulusCI task for the current project with optional
support for overriding task options via kwargs.</doc>
<status status="PASS" starttime="20191023 09:40:44.931" endtime="20191023 09:41:34.315"/>
</kw>
<status status="PASS" starttime="20191023 09:40:44.925" endtime="20191023 09:41:34.315"/>
</kw>
<status status="PASS" starttime="20191023 09:40:43.979" endtime="20191023 09:41:34.315"/>
</kw>
<kw name="Ensure community exists">
<arg>Ohana</arg>
<arg>ohana</arg>
<doc>Creates a community with the given name if it doesn't exist</doc>
<kw name="Run Keyword And Return Status" library="BuiltIn">
<var>${passed}</var>
<arg>get community info</arg>
<arg>${community name}</arg>
<doc>Runs the given keyword with given arguments and returns the status as a Boolean value.</doc>
<kw name="Get Community Info" library="cumulusci.robotframework.CumulusCI">
<arg>${community name}</arg>
<doc>This keyword uses the Salesforce API to get information about a community.</doc>
<msg timestamp="20191023 09:41:34.879" level="FAIL">Unable to find community information for 'Ohana'</msg>
<status status="FAIL" starttime="20191023 09:41:34.316" endtime="20191023 09:41:34.879"/>
</kw>
<msg timestamp="20191023 09:41:34.879" level="INFO">${passed} = False</msg>
<status status="PASS" starttime="20191023 09:41:34.316" endtime="20191023 09:41:34.879"/>
</kw>
<kw name="Run Keyword If" library="BuiltIn">
<arg>not $passed</arg>
<arg>run task</arg>
<arg>create_community</arg>
<arg>template=VF Template</arg>
<arg>name=${community name}</arg>
<arg>url_path_prefix=${url prefix}</arg>
<doc>Runs the given keyword with the given arguments, if ``condition`` is true.</doc>
<kw name="Run Task" library="cumulusci.robotframework.CumulusCI">
<arg>create_community</arg>
<arg>template=VF Template</arg>
<arg>name=${community name}</arg>
<arg>url_path_prefix=${url prefix}</arg>
<doc>Runs a named CumulusCI task for the current project with optional
support for overriding task options via kwargs.</doc>
<status status="PASS" starttime="20191023 09:41:34.881" endtime="20191023 09:41:52.054"/>
</kw>
<status status="PASS" starttime="20191023 09:41:34.880" endtime="20191023 09:41:52.054"/>
</kw>
<status status="PASS" starttime="20191023 09:41:34.315" endtime="20191023 09:41:52.055"/>
</kw>
<status status="PASS" starttime="20191023 09:40:43.978" endtime="20191023 09:41:52.055"/>
</kw>
<test id="s1-s1-s3-t1" name="Get community info for specific community">
<kw name="Get Community Info" library="cumulusci.robotframework.CumulusCI">
<var>${info}</var>
<arg>Kōkua</arg>
<doc>This keyword uses the Salesforce API to get information about a community.</doc>
<msg timestamp="20191023 09:41:52.056" level="INFO">${info} = {'allowChatterAccessWithoutLogin': False, 'allowMembersToFlag': False, 'description': None, 'id': '0DB4F0000004Z0PWAU', 'invitationsEnabled': False, 'knowledgeableEnabled': False, 'loginUrl': 'https:/...</msg>
<status status="PASS" starttime="20191023 09:41:52.056" endtime="20191023 09:41:52.056"/>
</kw>
<kw name="Dictionary Should Contain Key" library="Collections">
<arg>${info}</arg>
<arg>name</arg>
<doc>Fails if ``key`` is not found from ``dictionary``.</doc>
<status status="PASS" starttime="20191023 09:41:52.056" endtime="20191023 09:41:52.056"/>
</kw>
<kw name="Dictionary Should Contain Key" library="Collections">
<arg>${info}</arg>
<arg>loginUrl</arg>
<doc>Fails if ``key`` is not found from ``dictionary``.</doc>
<status status="PASS" starttime="20191023 09:41:52.057" endtime="20191023 09:41:52.057"/>
</kw>
<kw name="Dictionary Should Contain Key" library="Collections">
<arg>${info}</arg>
<arg>siteUrl</arg>
<doc>Fails if ``key`` is not found from ``dictionary``.</doc>
<status status="PASS" starttime="20191023 09:41:52.057" endtime="20191023 09:41:52.057"/>
</kw>
<kw name="Should Be Equal" library="BuiltIn">
<arg>${info['name']}</arg>
<arg>Kōkua</arg>
<doc>Fails if the given objects are unequal.</doc>
<status status="PASS" starttime="20191023 09:41:52.057" endtime="20191023 09:41:52.058"/>
</kw>
<kw name="Should Be Equal" library="BuiltIn">
<arg>${info['urlPathPrefix']}</arg>
<arg>kokua</arg>
<doc>Fails if the given objects are unequal.</doc>
<status status="PASS" starttime="20191023 09:41:52.058" endtime="20191023 09:41:52.058"/>
</kw>
<kw name="Get Community Info" library="cumulusci.robotframework.CumulusCI">
<var>${info}</var>
<arg>Ohana</arg>
<doc>This keyword uses the Salesforce API to get information about a community.</doc>
<msg timestamp="20191023 09:41:52.639" level="INFO">${info} = {'allowChatterAccessWithoutLogin': False, 'allowMembersToFlag': False, 'description': None, 'id': '0DB4F0000004Z0UWAU', 'invitationsEnabled': False, 'knowledgeableEnabled': False, 'loginUrl': 'https:/...</msg>
<status status="PASS" starttime="20191023 09:41:52.058" endtime="20191023 09:41:52.639"/>
</kw>
<kw name="Should Be Equal" library="BuiltIn">
<arg>${info['name']}</arg>
<arg>Ohana</arg>
<doc>Fails if the given objects are unequal.</doc>
<status status="PASS" starttime="20191023 09:41:52.639" endtime="20191023 09:41:52.640"/>
</kw>
<kw name="Should Be Equal" library="BuiltIn">
<arg>${info['urlPathPrefix']}</arg>
<arg>ohana</arg>
<doc>Fails if the given objects are unequal.</doc>
<status status="PASS" starttime="20191023 09:41:52.640" endtime="20191023 09:41:52.640"/>
</kw>
<status status="PASS" starttime="20191023 09:41:52.055" endtime="20191023 09:41:52.641"/>
</test>
<test id="s1-s1-s3-t2" name="Get community info for non-existing community throws error">
<kw name="Run Keyword And Expect Error" library="BuiltIn">
<arg>Unable to find community information for 'bōgusCommunity'</arg>
<arg>get community info</arg>
<arg>bōgusCommunity</arg>
<doc>Runs the keyword and checks that the expected error occurred.</doc>
<kw name="Get Community Info" library="cumulusci.robotframework.CumulusCI">
<arg>bōgusCommunity</arg>
<doc>This keyword uses the Salesforce API to get information about a community.</doc>
<msg timestamp="20191023 09:41:53.216" level="FAIL">Unable to find community information for 'bōgusCommunity'</msg>
<status status="FAIL" starttime="20191023 09:41:52.642" endtime="20191023 09:41:53.216"/>
</kw>
<status status="PASS" starttime="20191023 09:41:52.642" endtime="20191023 09:41:53.217"/>
</kw>
<doc>Verify that an unknown community name throws a reasonable error message</doc>
<status status="PASS" starttime="20191023 09:41:52.641" endtime="20191023 09:41:53.217"/>
</test>
<test id="s1-s1-s3-t3" name="Get community info with key">
<kw name="Get Community Info" library="cumulusci.robotframework.CumulusCI">
<var>${loginUrl}</var>
<arg>Kōkua</arg>
<arg>loginUrl</arg>
<doc>This keyword uses the Salesforce API to get information about a community.</doc>
<msg timestamp="20191023 09:41:53.218" level="INFO">${loginUrl} = https://sandbox-efficiency-fun-590-dev-ed-16df06531de.cs93.force.com/kokua/login</msg>
<status status="PASS" starttime="20191023 09:41:53.218" endtime="20191023 09:41:53.218"/>
</kw>
<kw name="Should Match Regexp" library="BuiltIn">
<arg>${loginUrl}</arg>
<arg>https://.*/kokua/login</arg>
<doc>Fails if ``string`` does not match ``pattern`` as a regular expression.</doc>
<status status="PASS" starttime="20191023 09:41:53.218" endtime="20191023 09:41:53.218"/>
</kw>
<doc>Verify we can Fetch data for a single key</doc>
<status status="PASS" starttime="20191023 09:41:53.217" endtime="20191023 09:41:53.219"/>
</test>
<test id="s1-s1-s3-t4" name="Get community info with unknown key throws error">
<kw name="Run Keyword And Expect Error" library="BuiltIn">
<arg>Invalid key 'bōgus'</arg>
<arg>get community info</arg>
<arg>Kōkua</arg>
<arg>bōgus</arg>
<doc>Runs the keyword and checks that the expected error occurred.</doc>
<kw name="Get Community Info" library="cumulusci.robotframework.CumulusCI">
<arg>Kōkua</arg>
<arg>bōgus</arg>
<doc>This keyword uses the Salesforce API to get information about a community.</doc>
<msg timestamp="20191023 09:41:53.220" level="FAIL">Invalid key 'bōgus'</msg>
<status status="FAIL" starttime="20191023 09:41:53.220" endtime="20191023 09:41:53.220"/>
</kw>
<status status="PASS" starttime="20191023 09:41:53.219" endtime="20191023 09:41:53.220"/>
</kw>
<doc>Verify that an unknown key throws a reasonable error message</doc>
<status status="PASS" starttime="20191023 09:41:53.219" endtime="20191023 09:41:53.220"/>
</test>
<status status="PASS" starttime="20191023 09:40:43.904" endtime="20191023 09:41:53.221"/>
</suite>
<status status="PASS" starttime="20191023 09:38:43.647" endtime="20191023 09:41:53.223"/>
</suite>
<suite id="s1-s2" name="Salesforce" source="/Users/pprescod/code/CumulusCI/cumulusci/robotframework/tests/salesforce">
<suite id="s1-s2-s1" name="Api" source="/Users/pprescod/code/CumulusCI/cumulusci/robotframework/tests/salesforce/api.robot">
<test id="s1-s2-s1-t1" name="Salesforce Delete">
<kw name="Sleep" library="BuiltIn" type="SETUP">
<arg>6</arg>
<doc>Pauses the test executed for the given time.</doc>
<msg timestamp="20191023 09:41:59.237" level="INFO">Slept 6 seconds</msg>
<status status="PASS" starttime="20191023 09:41:53.237" endtime="20191023 09:41:59.238"/>
</kw>
<kw name="Log Variables" library="BuiltIn">
<doc>Logs all variables in the current scope with given log level.</doc>
<msg timestamp="20191023 09:41:59.240" level="INFO">${/} = /</msg>
<msg timestamp="20191023 09:41:59.240" level="INFO">${:} = :</msg>
<msg timestamp="20191023 09:41:59.241" level="INFO">${\n} = 
</msg>
<msg timestamp="20191023 09:41:59.241" level="INFO">${BROWSER} = chrome</msg>
<msg timestamp="20191023 09:41:59.241" level="INFO">${CHROME_BINARY} = </msg>
<msg timestamp="20191023 09:41:59.241" level="INFO">${DEBUG} = False</msg>
<msg timestamp="20191023 09:41:59.241" level="INFO">${DEBUG_FILE} = NONE</msg>
<msg timestamp="20191023 09:41:59.241" level="INFO">${DEFAULT BROWSER SIZE} = 1280x1024</msg>
<msg timestamp="20191023 09:41:59.241" level="INFO">${EXECDIR} = /Users/pprescod/code/CumulusCI</msg>
<msg timestamp="20191023 09:41:59.241" level="INFO">${False} = False</msg>
<msg timestamp="20191023 09:41:59.241" level="INFO">${IMPLICIT_WAIT} = 7.0</msg>
<msg timestamp="20191023 09:41:59.241" level="INFO">${INITIAL_TIMEOUT} = 180.0</msg>
<msg timestamp="20191023 09:41:59.242" level="INFO">${LOCATION STRATEGIES INITIALIZED} = False</msg>
<msg timestamp="20191023 09:41:59.242" level="INFO">${LOG_FILE} = /Users/pprescod/code/CumulusCI/log.html</msg>
<msg timestamp="20191023 09:41:59.242" level="INFO">${LOG_LEVEL} = INFO</msg>
<msg timestamp="20191023 09:41:59.242" level="INFO">${None} = None</msg>
<msg timestamp="20191023 09:41:59.242" level="INFO">${null} = None</msg>
<msg timestamp="20191023 09:41:59.242" level="INFO">${org} = dev</msg>
<msg timestamp="20191023 09:41:59.242" level="INFO">${OUTPUT_DIR} = /Users/pprescod/code/CumulusCI</msg>
<msg timestamp="20191023 09:41:59.242" level="INFO">${OUTPUT_FILE} = /Users/pprescod/code/CumulusCI/output.xml</msg>
<msg timestamp="20191023 09:41:59.242" level="INFO">${PREV_TEST_MESSAGE} = </msg>
<msg timestamp="20191023 09:41:59.242" level="INFO">${PREV_TEST_NAME} = Get community info with unknown key throws error</msg>
<msg timestamp="20191023 09:41:59.242" level="INFO">${PREV_TEST_STATUS} = PASS</msg>
<msg timestamp="20191023 09:41:59.242" level="INFO">${REPORT_FILE} = /Users/pprescod/code/CumulusCI/report.html</msg>
<msg timestamp="20191023 09:41:59.242" level="INFO">${SPACE} =  </msg>
<msg timestamp="20191023 09:41:59.242" level="INFO">${SUITE_DOCUMENTATION} = </msg>
<msg timestamp="20191023 09:41:59.242" level="INFO">&amp;{SUITE_METADATA} = { }</msg>
<msg timestamp="20191023 09:41:59.242" level="INFO">${SUITE_NAME} = Tests.Salesforce.Api</msg>
<msg timestamp="20191023 09:41:59.242" level="INFO">${SUITE_SOURCE} = /Users/pprescod/code/CumulusCI/cumulusci/robotframework/tests/salesforce/api.robot</msg>
<msg timestamp="20191023 09:41:59.242" level="INFO">${TEMPDIR} = /var/folders/q4/9bjz2lm10nsfv2z3l_pqjtt40000gq/T</msg>
<msg timestamp="20191023 09:41:59.243" level="INFO">${TEST_DOCUMENTATION} = </msg>
<msg timestamp="20191023 09:41:59.243" level="INFO">${TEST_NAME} = Salesforce Delete</msg>
<msg timestamp="20191023 09:41:59.243" level="INFO">@{TEST_TAGS} = [ api | Runme ]</msg>
<msg timestamp="20191023 09:41:59.243" level="INFO">${TIMEOUT} = 30.0</msg>
<msg timestamp="20191023 09:41:59.243" level="INFO">${True} = True</msg>
<status status="PASS" starttime="20191023 09:41:59.238" endtime="20191023 09:41:59.243"/>
</kw>
<kw name="Create Contact">
<var>&amp;{contact}</var>
<kw name="Generate Random String" library="String">
<var>${first_name}</var>
<doc>Generates a string with a desired ``length`` from the given ``chars``.</doc>
<msg timestamp="20191023 09:41:59.244" level="INFO">${first_name} = qRm2evRT</msg>
<status status="PASS" starttime="20191023 09:41:59.244" endtime="20191023 09:41:59.244"/>
</kw>
<kw name="Generate Random String" library="String">
<var>${last_name}</var>
<doc>Generates a string with a desired ``length`` from the given ``chars``.</doc>
<msg timestamp="20191023 09:41:59.244" level="INFO">${last_name} = Z73DSk6w</msg>
<status status="PASS" starttime="20191023 09:41:59.244" endtime="20191023 09:41:59.244"/>
</kw>
<kw name="Salesforce Insert" library="cumulusci.robotframework.Salesforce">
<var>${contact_id}</var>
<arg>Contact</arg>
<arg>FirstName=${first_name}</arg>
<arg>LastName=${last_name}</arg>
<doc>Inserts a Salesforce object setting fields using kwargs and returns the id</doc>
<msg timestamp="20191023 09:41:59.245" level="INFO">Inserting Contact with values {'FirstName': 'qRm2evRT', 'LastName': 'Z73DSk6w'}</msg>
<msg timestamp="20191023 09:41:59.702" level="INFO">Storing Contact 0034F00000SaS2SQAV to session records</msg>
<msg timestamp="20191023 09:41:59.702" level="INFO">${contact_id} = 0034F00000SaS2SQAV</msg>
<status status="PASS" starttime="20191023 09:41:59.245" endtime="20191023 09:41:59.702"/>
</kw>
<kw name="Salesforce Get" library="cumulusci.robotframework.Salesforce">
<var>&amp;{contact}</var>
<arg>Contact</arg>
<arg>${contact_id}</arg>
<doc>Gets a Salesforce object by id and returns the dict result</doc>
<msg timestamp="20191023 09:41:59.703" level="INFO">Getting Contact with Id 0034F00000SaS2SQAV</msg>
<msg timestamp="20191023 09:41:59.893" level="INFO">&amp;{contact} = { attributes={'type': 'Contact', 'url': '/services/data/v46.0/sobjects/Contact/0034F00000SaS2SQAV'} | Id=0034F00000SaS2SQAV | IsDeleted=False | MasterRecordId=None | AccountId=None | LastName=Z73DSk6w...</msg>
<status status="PASS" starttime="20191023 09:41:59.702" endtime="20191023 09:41:59.893"/>
</kw>
<msg timestamp="20191023 09:41:59.893" level="INFO">&amp;{contact} = { attributes={'type': 'Contact', 'url': '/services/data/v46.0/sobjects/Contact/0034F00000SaS2SQAV'} | Id=0034F00000SaS2SQAV | IsDeleted=False | MasterRecordId=None | AccountId=None | LastName=Z73DSk6w...</msg>
<status status="PASS" starttime="20191023 09:41:59.243" endtime="20191023 09:41:59.893"/>
</kw>
<kw name="Salesforce Delete" library="cumulusci.robotframework.Salesforce">
<arg>Contact</arg>
<arg>&amp;{contact}[Id]</arg>
<doc>Deletes a Saleforce object by id and returns the dict result</doc>
<msg timestamp="20191023 09:41:59.894" level="INFO">Deleting Contact with Id 0034F00000SaS2SQAV</msg>
<status status="PASS" starttime="20191023 09:41:59.894" endtime="20191023 09:42:00.252"/>
</kw>
<kw name="Soql Query" library="cumulusci.robotframework.Salesforce">
<var>&amp;{result}</var>
<arg>Select Id from Contact WHERE Id = '&amp;{contact}[Id]'</arg>
<doc>Runs a simple SOQL query and returns the dict results</doc>
<msg timestamp="20191023 09:42:00.254" level="INFO">Running SOQL Query: Select Id from Contact WHERE Id = '0034F00000SaS2SQAV'</msg>
<msg timestamp="20191023 09:42:00.415" level="INFO">&amp;{result} = { totalSize=0 | done=True | records=[] }</msg>
<status status="PASS" starttime="20191023 09:42:00.253" endtime="20191023 09:42:00.415"/>
</kw>
<kw name="Should Be Equal" library="BuiltIn">
<arg>&amp;{result}[totalSize]</arg>
<arg>${0}</arg>
<doc>Fails if the given objects are unequal.</doc>
<status status="PASS" starttime="20191023 09:42:00.415" endtime="20191023 09:42:00.416"/>
</kw>
<tag>api</tag>
<tag>Runme</tag>
<status status="PASS" starttime="20191023 09:41:53.236" endtime="20191023 09:42:00.417"/>
</test>
<test id="s1-s2-s1-t2" name="Salesforce Insert">
<kw name="Sleep" library="BuiltIn" type="SETUP">
<arg>6</arg>
<doc>Pauses the test executed for the given time.</doc>
<msg timestamp="20191023 09:42:06.421" level="INFO">Slept 6 seconds</msg>
<status status="PASS" starttime="20191023 09:42:00.418" endtime="20191023 09:42:06.421"/>
</kw>
<kw name="Generate Random String" library="String">
<var>${first_name}</var>
<doc>Generates a string with a desired ``length`` from the given ``chars``.</doc>
<msg timestamp="20191023 09:42:06.423" level="INFO">${first_name} = rWrcbgBU</msg>
<status status="PASS" starttime="20191023 09:42:06.422" endtime="20191023 09:42:06.423"/>
</kw>
<kw name="Generate Random String" library="String">
<var>${last_name}</var>
<doc>Generates a string with a desired ``length`` from the given ``chars``.</doc>
<msg timestamp="20191023 09:42:06.424" level="INFO">${last_name} = CiqFi7VB</msg>
<status status="PASS" starttime="20191023 09:42:06.423" endtime="20191023 09:42:06.424"/>
</kw>
<kw name="Salesforce Insert" library="cumulusci.robotframework.Salesforce">
<var>${contact_id}</var>
<arg>Contact</arg>
<arg>FirstName=${first_name}</arg>
<arg>LastName=${last_name}</arg>
<doc>Inserts a Salesforce object setting fields using kwargs and returns the id</doc>
<msg timestamp="20191023 09:42:06.425" level="INFO">Inserting Contact with values {'FirstName': 'rWrcbgBU', 'LastName': 'CiqFi7VB'}</msg>
<msg timestamp="20191023 09:42:06.800" level="INFO">Storing Contact 0034F00000SaS2lQAF to session records</msg>
<msg timestamp="20191023 09:42:06.800" level="INFO">${contact_id} = 0034F00000SaS2lQAF</msg>
<status status="PASS" starttime="20191023 09:42:06.424" endtime="20191023 09:42:06.807"/>
</kw>
<kw name="Salesforce Get" library="cumulusci.robotframework.Salesforce">
<var>&amp;{contact}</var>
<arg>Contact</arg>
<arg>${contact_id}</arg>
<doc>Gets a Salesforce object by id and returns the dict result</doc>
<msg timestamp="20191023 09:42:06.808" level="INFO">Getting Contact with Id 0034F00000SaS2lQAF</msg>
<msg timestamp="20191023 09:42:07.008" level="INFO">&amp;{contact} = { attributes={'type': 'Contact', 'url': '/services/data/v46.0/sobjects/Contact/0034F00000SaS2lQAF'} | Id=0034F00000SaS2lQAF | IsDeleted=False | MasterRecordId=None | AccountId=None | LastName=CiqFi7VB...</msg>
<status status="PASS" starttime="20191023 09:42:06.807" endtime="20191023 09:42:07.008"/>
</kw>
<kw name="Should Be Equal" library="BuiltIn">
<arg>&amp;{contact}[FirstName]</arg>
<arg>${first_name}</arg>
<doc>Fails if the given objects are unequal.</doc>
<status status="PASS" starttime="20191023 09:42:07.009" endtime="20191023 09:42:07.009"/>
</kw>
<kw name="Should Be Equal" library="BuiltIn">
<arg>&amp;{contact}[LastName]</arg>
<arg>${last_name}</arg>
<doc>Fails if the given objects are unequal.</doc>
<status status="PASS" starttime="20191023 09:42:07.009" endtime="20191023 09:42:07.010"/>
</kw>
<tag>api</tag>
<status status="PASS" starttime="20191023 09:42:00.417" endtime="20191023 09:42:07.010"/>
</test>
<test id="s1-s2-s1-t3" name="Salesforce Update">
<kw name="Sleep" library="BuiltIn" type="SETUP">
<arg>6</arg>
<doc>Pauses the test executed for the given time.</doc>
<msg timestamp="20191023 09:42:13.014" level="INFO">Slept 6 seconds</msg>
<status status="PASS" starttime="20191023 09:42:07.011" endtime="20191023 09:42:13.014"/>
</kw>
<kw name="Create Contact">
<var>&amp;{contact}</var>
<kw name="Generate Random String" library="String">
<var>${first_name}</var>
<doc>Generates a string with a desired ``length`` from the given ``chars``.</doc>
<msg timestamp="20191023 09:42:13.017" level="INFO">${first_name} = GeVqq7X5</msg>
<status status="PASS" starttime="20191023 09:42:13.016" endtime="20191023 09:42:13.017"/>
</kw>
<kw name="Generate Random String" library="String">
<var>${last_name}</var>
<doc>Generates a string with a desired ``length`` from the given ``chars``.</doc>
<msg timestamp="20191023 09:42:13.017" level="INFO">${last_name} = rSzRp1Y9</msg>
<status status="PASS" starttime="20191023 09:42:13.017" endtime="20191023 09:42:13.018"/>
</kw>
<kw name="Salesforce Insert" library="cumulusci.robotframework.Salesforce">
<var>${contact_id}</var>
<arg>Contact</arg>
<arg>FirstName=${first_name}</arg>
<arg>LastName=${last_name}</arg>
<doc>Inserts a Salesforce object setting fields using kwargs and returns the id</doc>
<msg timestamp="20191023 09:42:13.019" level="INFO">Inserting Contact with values {'FirstName': 'GeVqq7X5', 'LastName': 'rSzRp1Y9'}</msg>
<msg timestamp="20191023 09:42:13.323" level="INFO">Storing Contact 0034F00000SaS3KQAV to session records</msg>
<msg timestamp="20191023 09:42:13.324" level="INFO">${contact_id} = 0034F00000SaS3KQAV</msg>
<status status="PASS" starttime="20191023 09:42:13.018" endtime="20191023 09:42:13.324"/>
</kw>
<kw name="Salesforce Get" library="cumulusci.robotframework.Salesforce">
<var>&amp;{contact}</var>
<arg>Contact</arg>
<arg>${contact_id}</arg>
<doc>Gets a Salesforce object by id and returns the dict result</doc>
<msg timestamp="20191023 09:42:13.324" level="INFO">Getting Contact with Id 0034F00000SaS3KQAV</msg>
<msg timestamp="20191023 09:42:13.477" level="INFO">&amp;{contact} = { attributes={'type': 'Contact', 'url': '/services/data/v46.0/sobjects/Contact/0034F00000SaS3KQAV'} | Id=0034F00000SaS3KQAV | IsDeleted=False | MasterRecordId=None | AccountId=None | LastName=rSzRp1Y9...</msg>
<status status="PASS" starttime="20191023 09:42:13.324" endtime="20191023 09:42:13.478"/>
</kw>
<msg timestamp="20191023 09:42:13.478" level="INFO">&amp;{contact} = { attributes={'type': 'Contact', 'url': '/services/data/v46.0/sobjects/Contact/0034F00000SaS3KQAV'} | Id=0034F00000SaS3KQAV | IsDeleted=False | MasterRecordId=None | AccountId=None | LastName=rSzRp1Y9...</msg>
<status status="PASS" starttime="20191023 09:42:13.015" endtime="20191023 09:42:13.478"/>
</kw>
<kw name="Generate Random String" library="String">
<var>${new_last_name}</var>
<doc>Generates a string with a desired ``length`` from the given ``chars``.</doc>
<msg timestamp="20191023 09:42:13.479" level="INFO">${new_last_name} = hC0xjHaq</msg>
<status status="PASS" starttime="20191023 09:42:13.479" endtime="20191023 09:42:13.479"/>
</kw>
<kw name="Salesforce Update" library="cumulusci.robotframework.Salesforce">
<arg>Contact</arg>
<arg>&amp;{contact}[Id]</arg>
<arg>LastName=${new_last_name}</arg>
<doc>Updates a Salesforce object by id and returns the dict results</doc>
<msg timestamp="20191023 09:42:13.480" level="INFO">Updating Contact 0034F00000SaS3KQAV with values {'LastName': 'hC0xjHaq'}</msg>
<status status="PASS" starttime="20191023 09:42:13.479" endtime="20191023 09:42:14.181"/>
</kw>
<kw name="Salesforce Get" library="cumulusci.robotframework.Salesforce">
<var>&amp;{contact}</var>
<arg>Contact</arg>
<arg>&amp;{contact}[Id]</arg>
<doc>Gets a Salesforce object by id and returns the dict result</doc>
<msg timestamp="20191023 09:42:14.182" level="INFO">Getting Contact with Id 0034F00000SaS3KQAV</msg>
<msg timestamp="20191023 09:42:14.341" level="INFO">&amp;{contact} = { attributes={'type': 'Contact', 'url': '/services/data/v46.0/sobjects/Contact/0034F00000SaS3KQAV'} | Id=0034F00000SaS3KQAV | IsDeleted=False | MasterRecordId=None | AccountId=None | LastName=hC0xjHaq...</msg>
<status status="PASS" starttime="20191023 09:42:14.182" endtime="20191023 09:42:14.341"/>
</kw>
<kw name="Should Be Equal" library="BuiltIn">
<arg>&amp;{contact}[LastName]</arg>
<arg>${new_last_name}</arg>
<doc>Fails if the given objects are unequal.</doc>
<status status="PASS" starttime="20191023 09:42:14.341" endtime="20191023 09:42:14.342"/>
</kw>
<tag>api</tag>
<status status="PASS" starttime="20191023 09:42:07.011" endtime="20191023 09:42:14.342"/>
</test>
<test id="s1-s2-s1-t4" name="Salesforce Query">
<kw name="Sleep" library="BuiltIn" type="SETUP">
<arg>6</arg>
<doc>Pauses the test executed for the given time.</doc>
<msg timestamp="20191023 09:42:20.345" level="INFO">Slept 6 seconds</msg>
<status status="PASS" starttime="20191023 09:42:14.343" endtime="20191023 09:42:20.346"/>
</kw>
<kw name="Create Contact">
<var>&amp;{new_contact}</var>
<kw name="Generate Random String" library="String">
<var>${first_name}</var>
<doc>Generates a string with a desired ``length`` from the given ``chars``.</doc>
<msg timestamp="20191023 09:42:20.347" level="INFO">${first_name} = jjiIiwqf</msg>
<status status="PASS" starttime="20191023 09:42:20.346" endtime="20191023 09:42:20.347"/>
</kw>
<kw name="Generate Random String" library="String">
<var>${last_name}</var>
<doc>Generates a string with a desired ``length`` from the given ``chars``.</doc>
<msg timestamp="20191023 09:42:20.347" level="INFO">${last_name} = U0Nh4qo8</msg>
<status status="PASS" starttime="20191023 09:42:20.347" endtime="20191023 09:42:20.347"/>
</kw>
<kw name="Salesforce Insert" library="cumulusci.robotframework.Salesforce">
<var>${contact_id}</var>
<arg>Contact</arg>
<arg>FirstName=${first_name}</arg>
<arg>LastName=${last_name}</arg>
<doc>Inserts a Salesforce object setting fields using kwargs and returns the id</doc>
<msg timestamp="20191023 09:42:20.347" level="INFO">Inserting Contact with values {'FirstName': 'jjiIiwqf', 'LastName': 'U0Nh4qo8'}</msg>
<msg timestamp="20191023 09:42:20.640" level="INFO">Storing Contact 0034F00000SaS3oQAF to session records</msg>
<msg timestamp="20191023 09:42:20.640" level="INFO">${contact_id} = 0034F00000SaS3oQAF</msg>
<status status="PASS" starttime="20191023 09:42:20.347" endtime="20191023 09:42:20.640"/>
</kw>
<kw name="Salesforce Get" library="cumulusci.robotframework.Salesforce">
<var>&amp;{contact}</var>
<arg>Contact</arg>
<arg>${contact_id}</arg>
<doc>Gets a Salesforce object by id and returns the dict result</doc>
<msg timestamp="20191023 09:42:20.641" level="INFO">Getting Contact with Id 0034F00000SaS3oQAF</msg>
<msg timestamp="20191023 09:42:20.883" level="INFO">&amp;{contact} = { attributes={'type': 'Contact', 'url': '/services/data/v46.0/sobjects/Contact/0034F00000SaS3oQAF'} | Id=0034F00000SaS3oQAF | IsDeleted=False | MasterRecordId=None | AccountId=None | LastName=U0Nh4qo8...</msg>
<status status="PASS" starttime="20191023 09:42:20.640" endtime="20191023 09:42:20.883"/>
</kw>
<msg timestamp="20191023 09:42:20.884" level="INFO">&amp;{new_contact} = { attributes={'type': 'Contact', 'url': '/services/data/v46.0/sobjects/Contact/0034F00000SaS3oQAF'} | Id=0034F00000SaS3oQAF | IsDeleted=False | MasterRecordId=None | AccountId=None | LastName=U0Nh4qo8...</msg>
<status status="PASS" starttime="20191023 09:42:20.346" endtime="20191023 09:42:20.884"/>
</kw>
<kw name="Salesforce Query" library="cumulusci.robotframework.Salesforce">
<var>@{records}</var>
<arg>Contact</arg>
<arg>select=Id,FirstName,LastName</arg>
<arg>Id=&amp;{new_contact}[Id]</arg>
<doc>Constructs and runs a simple SOQL query and returns the dict results</doc>
<msg timestamp="20191023 09:42:20.885" level="INFO">Running SOQL Query: SELECT Id,FirstName,LastName FROM Contact WHERE Id = '0034F00000SaS3oQAF'</msg>
<msg timestamp="20191023 09:42:21.041" level="INFO">@{records} = [ OrderedDict([('attributes', OrderedDict([('type', 'Contact'), ('url', '/services/data/v46.0/sobjects/Contact/0034F00000SaS3oQAF')])), ('Id', '0034F00000SaS3oQAF'), ('FirstName', 'jjiIiwqf'), ('LastN...</msg>
<status status="PASS" starttime="20191023 09:42:20.885" endtime="20191023 09:42:21.041"/>
</kw>
<kw name="Get From List" library="Collections">
<var>&amp;{contact}</var>
<arg>${records}</arg>
<arg>0</arg>
<doc>Returns the value specified with an ``index`` from ``list``.</doc>
<msg timestamp="20191023 09:42:21.042" level="INFO">&amp;{contact} = { attributes={'type': 'Contact', 'url': '/services/data/v46.0/sobjects/Contact/0034F00000SaS3oQAF'} | Id=0034F00000SaS3oQAF | FirstName=jjiIiwqf | LastName=U0Nh4qo8 }</msg>
<status status="PASS" starttime="20191023 09:42:21.042" endtime="20191023 09:42:21.042"/>
</kw>
<kw name="Should Be Equal" library="BuiltIn">
<arg>&amp;{contact}[Id]</arg>
<arg>&amp;{new_contact}[Id]</arg>
<doc>Fails if the given objects are unequal.</doc>
<status status="PASS" starttime="20191023 09:42:21.043" endtime="20191023 09:42:21.043"/>
</kw>
<kw name="Should Be Equal" library="BuiltIn">
<arg>&amp;{contact}[FirstName]</arg>
<arg>&amp;{new_contact}[FirstName]</arg>
<doc>Fails if the given objects are unequal.</doc>
<status status="PASS" starttime="20191023 09:42:21.044" endtime="20191023 09:42:21.044"/>
</kw>
<kw name="Should Be Equal" library="BuiltIn">
<arg>&amp;{contact}[LastName]</arg>
<arg>&amp;{new_contact}[LastName]</arg>
<doc>Fails if the given objects are unequal.</doc>
<status status="PASS" starttime="20191023 09:42:21.044" endtime="20191023 09:42:21.045"/>
</kw>
<tag>api</tag>
<status status="PASS" starttime="20191023 09:42:14.343" endtime="20191023 09:42:21.045"/>
</test>
<test id="s1-s2-s1-t5" name="SOQL Query">
<kw name="Sleep" library="BuiltIn" type="SETUP">
<arg>6</arg>
<doc>Pauses the test executed for the given time.</doc>
<msg timestamp="20191023 09:42:27.047" level="INFO">Slept 6 seconds</msg>
<status status="PASS" starttime="20191023 09:42:21.046" endtime="20191023 09:42:27.047"/>
</kw>
<kw name="Create Contact">
<var>&amp;{new_contact}</var>
<kw name="Generate Random String" library="String">
<var>${first_name}</var>
<doc>Generates a string with a desired ``length`` from the given ``chars``.</doc>
<msg timestamp="20191023 09:42:27.050" level="INFO">${first_name} = q9zyi6aE</msg>
<status status="PASS" starttime="20191023 09:42:27.049" endtime="20191023 09:42:27.050"/>
</kw>
<kw name="Generate Random String" library="String">
<var>${last_name}</var>
<doc>Generates a string with a desired ``length`` from the given ``chars``.</doc>
<msg timestamp="20191023 09:42:27.051" level="INFO">${last_name} = DtOvNp4U</msg>
<status status="PASS" starttime="20191023 09:42:27.051" endtime="20191023 09:42:27.051"/>
</kw>
<kw name="Salesforce Insert" library="cumulusci.robotframework.Salesforce">
<var>${contact_id}</var>
<arg>Contact</arg>
<arg>FirstName=${first_name}</arg>
<arg>LastName=${last_name}</arg>
<doc>Inserts a Salesforce object setting fields using kwargs and returns the id</doc>
<msg timestamp="20191023 09:42:27.052" level="INFO">Inserting Contact with values {'FirstName': 'q9zyi6aE', 'LastName': 'DtOvNp4U'}</msg>
<msg timestamp="20191023 09:42:27.348" level="INFO">Storing Contact 0034F00000SaS3yQAF to session records</msg>
<msg timestamp="20191023 09:42:27.348" level="INFO">${contact_id} = 0034F00000SaS3yQAF</msg>
<status status="PASS" starttime="20191023 09:42:27.051" endtime="20191023 09:42:27.348"/>
</kw>
<kw name="Salesforce Get" library="cumulusci.robotframework.Salesforce">
<var>&amp;{contact}</var>
<arg>Contact</arg>
<arg>${contact_id}</arg>
<doc>Gets a Salesforce object by id and returns the dict result</doc>
<msg timestamp="20191023 09:42:27.349" level="INFO">Getting Contact with Id 0034F00000SaS3yQAF</msg>
<msg timestamp="20191023 09:42:27.602" level="INFO">&amp;{contact} = { attributes={'type': 'Contact', 'url': '/services/data/v46.0/sobjects/Contact/0034F00000SaS3yQAF'} | Id=0034F00000SaS3yQAF | IsDeleted=False | MasterRecordId=None | AccountId=None | LastName=DtOvNp4U...</msg>
<status status="PASS" starttime="20191023 09:42:27.349" endtime="20191023 09:42:27.602"/>
</kw>
<msg timestamp="20191023 09:42:27.603" level="INFO">&amp;{new_contact} = { attributes={'type': 'Contact', 'url': '/services/data/v46.0/sobjects/Contact/0034F00000SaS3yQAF'} | Id=0034F00000SaS3yQAF | IsDeleted=False | MasterRecordId=None | AccountId=None | LastName=DtOvNp4U...</msg>
<status status="PASS" starttime="20191023 09:42:27.048" endtime="20191023 09:42:27.603"/>
</kw>
<kw name="Soql Query" library="cumulusci.robotframework.Salesforce">
<var>&amp;{result}</var>
<arg>Select Id, FirstName, LastName from Contact WHERE Id = '&amp;{new_contact}[Id]'</arg>
<doc>Runs a simple SOQL query and returns the dict results</doc>
<msg timestamp="20191023 09:42:27.603" level="INFO">Running SOQL Query: Select Id, FirstName, LastName from Contact WHERE Id = '0034F00000SaS3yQAF'</msg>
<msg timestamp="20191023 09:42:27.833" level="INFO">&amp;{result} = { totalSize=1 | done=True | records=[{'attributes': {'type': 'Contact', 'url': '/services/data/v46.0/sobjects/Contact/0034F00000SaS3yQAF'}, 'Id': '0034F00000SaS3yQAF', 'FirstName': 'q9zyi6aE', 'LastNa...</msg>
<status status="PASS" starttime="20191023 09:42:27.603" endtime="20191023 09:42:27.833"/>
</kw>
<kw name="Get From Dictionary" library="Collections">
<var>@{records}</var>
<arg>${result}</arg>
<arg>records</arg>
<doc>Returns a value from the given ``dictionary`` based on the given ``key``.</doc>
<msg timestamp="20191023 09:42:27.834" level="INFO">@{records} = [ {'attributes': {'type': 'Contact', 'url': '/services/data/v46.0/sobjects/Contact/0034F00000SaS3yQAF'}, 'Id': '0034F00000SaS3yQAF', 'FirstName': 'q9zyi6aE', 'LastName': 'DtOvNp4U'} ]</msg>
<status status="PASS" starttime="20191023 09:42:27.834" endtime="20191023 09:42:27.834"/>
</kw>
<kw name="Log Variables" library="BuiltIn">
<doc>Logs all variables in the current scope with given log level.</doc>
<msg timestamp="20191023 09:42:27.835" level="INFO">${/} = /</msg>
<msg timestamp="20191023 09:42:27.835" level="INFO">${:} = :</msg>
<msg timestamp="20191023 09:42:27.835" level="INFO">${\n} = 
</msg>
<msg timestamp="20191023 09:42:27.835" level="INFO">${BROWSER} = chrome</msg>
<msg timestamp="20191023 09:42:27.835" level="INFO">${CHROME_BINARY} = </msg>
<msg timestamp="20191023 09:42:27.835" level="INFO">${DEBUG} = False</msg>
<msg timestamp="20191023 09:42:27.835" level="INFO">${DEBUG_FILE} = NONE</msg>
<msg timestamp="20191023 09:42:27.835" level="INFO">${DEFAULT BROWSER SIZE} = 1280x1024</msg>
<msg timestamp="20191023 09:42:27.835" level="INFO">${EXECDIR} = /Users/pprescod/code/CumulusCI</msg>
<msg timestamp="20191023 09:42:27.835" level="INFO">${False} = False</msg>
<msg timestamp="20191023 09:42:27.835" level="INFO">${IMPLICIT_WAIT} = 7.0</msg>
<msg timestamp="20191023 09:42:27.835" level="INFO">${INITIAL_TIMEOUT} = 180.0</msg>
<msg timestamp="20191023 09:42:27.835" level="INFO">${LOCATION STRATEGIES INITIALIZED} = False</msg>
<msg timestamp="20191023 09:42:27.835" level="INFO">${LOG_FILE} = /Users/pprescod/code/CumulusCI/log.html</msg>
<msg timestamp="20191023 09:42:27.835" level="INFO">${LOG_LEVEL} = INFO</msg>
<msg timestamp="20191023 09:42:27.835" level="INFO">&amp;{new_contact} = { attributes={'type': 'Contact', 'url': '/services/data/v46.0/sobjects/Contact/0034F00000SaS3yQAF'} | Id=0034F00000SaS3yQAF | IsDeleted=False | MasterRecordId=None | AccountId=None | LastName=DtOvNp4U | FirstName=q9zyi6aE | Salutation=None | Name=q9zyi6aE DtOvNp4U | OtherStreet=None | OtherCity=None | OtherState=None | OtherPostalCode=None | OtherCountry=None | OtherLatitude=None | OtherLongitude=None | OtherGeocodeAccuracy=None | OtherAddress=None | MailingStreet=None | MailingCity=None | MailingState=None | MailingPostalCode=None | MailingCountry=None | MailingLatitude=None | MailingLongitude=None | MailingGeocodeAccuracy=None | MailingAddress=None | Phone=None | Fax=None | MobilePhone=None | HomePhone=None | OtherPhone=None | AssistantPhone=None | ReportsToId=None | Email=None | Title=None | Department=None | AssistantName=None | LeadSource=None | Birthdate=None | Description=None | OwnerId=0054F000001wQZ5QAM | CreatedDate=2019-10-23T16:42:27.000+0000 | CreatedById=0054F000001wQZ5QAM | LastModifiedDate=2019-10-23T16:42:27.000+0000 | LastModifiedById=0054F000001wQZ5QAM | SystemModstamp=2019-10-23T16:42:27.000+0000 | LastActivityDate=None | LastCURequestDate=None | LastCUUpdateDate=None | LastViewedDate=2019-10-23T16:42:27.000+0000 | LastReferencedDate=2019-10-23T16:42:27.000+0000 | EmailBouncedReason=None | EmailBouncedDate=None | IsEmailBounced=False | PhotoUrl=/services/images/photo/0034F00000SaS3yQAF | Jigsaw=None | JigsawContactId=None | CleanStatus=Pending | IndividualId=None }</msg>
<msg timestamp="20191023 09:42:27.836" level="INFO">${None} = None</msg>
<msg timestamp="20191023 09:42:27.836" level="INFO">${null} = None</msg>
<msg timestamp="20191023 09:42:27.836" level="INFO">${org} = dev</msg>
<msg timestamp="20191023 09:42:27.836" level="INFO">${OUTPUT_DIR} = /Users/pprescod/code/CumulusCI</msg>
<msg timestamp="20191023 09:42:27.836" level="INFO">${OUTPUT_FILE} = /Users/pprescod/code/CumulusCI/output.xml</msg>
<msg timestamp="20191023 09:42:27.836" level="INFO">${PREV_TEST_MESSAGE} = </msg>
<msg timestamp="20191023 09:42:27.836" level="INFO">${PREV_TEST_NAME} = Salesforce Query</msg>
<msg timestamp="20191023 09:42:27.836" level="INFO">${PREV_TEST_STATUS} = PASS</msg>
<msg timestamp="20191023 09:42:27.836" level="INFO">@{records} = [ {'attributes': {'type': 'Contact', 'url': '/services/data/v46.0/sobjects/Contact/0034F00000SaS3yQAF'}, 'Id': '0034F00000SaS3yQAF', 'FirstName': 'q9zyi6aE', 'LastName': 'DtOvNp4U'} ]</msg>
<msg timestamp="20191023 09:42:27.836" level="INFO">${REPORT_FILE} = /Users/pprescod/code/CumulusCI/report.html</msg>
<msg timestamp="20191023 09:42:27.836" level="INFO">&amp;{result} = { totalSize=1 | done=True | records=[{'attributes': {'type': 'Contact', 'url': '/services/data/v46.0/sobjects/Contact/0034F00000SaS3yQAF'}, 'Id': '0034F00000SaS3yQAF', 'FirstName': 'q9zyi6aE', 'LastName': 'DtOvNp4U'}] }</msg>
<msg timestamp="20191023 09:42:27.836" level="INFO">${SPACE} =  </msg>
<msg timestamp="20191023 09:42:27.836" level="INFO">${SUITE_DOCUMENTATION} = </msg>
<msg timestamp="20191023 09:42:27.836" level="INFO">&amp;{SUITE_METADATA} = { }</msg>
<msg timestamp="20191023 09:42:27.836" level="INFO">${SUITE_NAME} = Tests.Salesforce.Api</msg>
<msg timestamp="20191023 09:42:27.836" level="INFO">${SUITE_SOURCE} = /Users/pprescod/code/CumulusCI/cumulusci/robotframework/tests/salesforce/api.robot</msg>
<msg timestamp="20191023 09:42:27.836" level="INFO">${TEMPDIR} = /var/folders/q4/9bjz2lm10nsfv2z3l_pqjtt40000gq/T</msg>
<msg timestamp="20191023 09:42:27.836" level="INFO">${TEST_DOCUMENTATION} = </msg>
<msg timestamp="20191023 09:42:27.836" level="INFO">${TEST_NAME} = SOQL Query</msg>
<msg timestamp="20191023 09:42:27.836" level="INFO">@{TEST_TAGS} = [ api ]</msg>
<msg timestamp="20191023 09:42:27.836" level="INFO">${TIMEOUT} = 30.0</msg>
<msg timestamp="20191023 09:42:27.837" level="INFO">${True} = True</msg>
<status status="PASS" starttime="20191023 09:42:27.834" endtime="20191023 09:42:27.837"/>
</kw>
<kw name="Get From List" library="Collections">
<var>&amp;{contact}</var>
<arg>${records}</arg>
<arg>0</arg>
<doc>Returns the value specified with an ``index`` from ``list``.</doc>
<msg timestamp="20191023 09:42:27.837" level="INFO">&amp;{contact} = { attributes={'type': 'Contact', 'url': '/services/data/v46.0/sobjects/Contact/0034F00000SaS3yQAF'} | Id=0034F00000SaS3yQAF | FirstName=q9zyi6aE | LastName=DtOvNp4U }</msg>
<status status="PASS" starttime="20191023 09:42:27.837" endtime="20191023 09:42:27.837"/>
</kw>
<kw name="Should Be Equal" library="BuiltIn">
<arg>&amp;{result}[totalSize]</arg>
<arg>${1}</arg>
<doc>Fails if the given objects are unequal.</doc>
<status status="PASS" starttime="20191023 09:42:27.838" endtime="20191023 09:42:27.838"/>
</kw>
<kw name="Should Be Equal" library="BuiltIn">
<arg>&amp;{contact}[FirstName]</arg>
<arg>&amp;{new_contact}[FirstName]</arg>
<doc>Fails if the given objects are unequal.</doc>
<status status="PASS" starttime="20191023 09:42:27.838" endtime="20191023 09:42:27.839"/>
</kw>
<kw name="Should Be Equal" library="BuiltIn">
<arg>&amp;{contact}[LastName]</arg>
<arg>&amp;{new_contact}[LastName]</arg>
<doc>Fails if the given objects are unequal.</doc>
<status status="PASS" starttime="20191023 09:42:27.839" endtime="20191023 09:42:27.839"/>
</kw>
<tag>api</tag>
<status status="PASS" starttime="20191023 09:42:21.046" endtime="20191023 09:42:27.840"/>
</test>
<test id="s1-s2-s1-t6" name="Salesforce Delete Session Records">
<kw name="Sleep" library="BuiltIn" type="SETUP">
<arg>6</arg>
<doc>Pauses the test executed for the given time.</doc>
<msg timestamp="20191023 09:42:33.843" level="INFO">Slept 6 seconds</msg>
<status status="PASS" starttime="20191023 09:42:27.842" endtime="20191023 09:42:33.844"/>
</kw>
<kw name="Generate Random String" library="String">
<var>${random string}</var>
<doc>Generates a string with a desired ``length`` from the given ``chars``.</doc>
<msg timestamp="20191023 09:42:33.845" level="INFO">${random string} = nQpY3L2D</msg>
<status status="PASS" starttime="20191023 09:42:33.844" endtime="20191023 09:42:33.845"/>
</kw>
<kw name="Salesforce Query" library="cumulusci.robotframework.Salesforce">
<var>@{query}</var>
<arg>Contact</arg>
<arg>LastName=${random string}</arg>
<doc>Constructs and runs a simple SOQL query and returns the dict results</doc>
<msg timestamp="20191023 09:42:33.846" level="INFO">Running SOQL Query: SELECT Id FROM Contact WHERE LastName = 'nQpY3L2D'</msg>
<msg timestamp="20191023 09:42:34.069" level="INFO">@{query} = [ ]</msg>
<status status="PASS" starttime="20191023 09:42:33.845" endtime="20191023 09:42:34.069"/>
</kw>
<kw name="Length Should Be" library="BuiltIn">
<arg>${query}</arg>
<arg>0</arg>
<arg>Expected the query to return no records, but it returned ${query}</arg>
<doc>Verifies that the length of the given item is correct.</doc>
<msg timestamp="20191023 09:42:34.070" level="INFO">Length is 0</msg>
<status status="PASS" starttime="20191023 09:42:34.069" endtime="20191023 09:42:34.070"/>
</kw>
<kw name="${i} IN RANGE [ 5 ]" type="FOR">
<kw name="${i} = 0" type="FOR ITERATION">
<kw name="Salesforce Insert" library="cumulusci.robotframework.Salesforce">
<var>${contact_id}</var>
<arg>Contact</arg>
<arg>FirstName=User-${i}</arg>
<arg>LastName=${random string}</arg>
<doc>Inserts a Salesforce object setting fields using kwargs and returns the id</doc>
<msg timestamp="20191023 09:42:34.071" level="INFO">Inserting Contact with values {'FirstName': 'User-0', 'LastName': 'nQpY3L2D'}</msg>
<msg timestamp="20191023 09:42:34.831" level="INFO">Storing Contact 0034F00000SaS48QAF to session records</msg>
<msg timestamp="20191023 09:42:34.831" level="INFO">${contact_id} = 0034F00000SaS48QAF</msg>
<status status="PASS" starttime="20191023 09:42:34.071" endtime="20191023 09:42:34.831"/>
</kw>
<status status="PASS" starttime="20191023 09:42:34.070" endtime="20191023 09:42:34.831"/>
</kw>
<kw name="${i} = 1" type="FOR ITERATION">
<kw name="Salesforce Insert" library="cumulusci.robotframework.Salesforce">
<var>${contact_id}</var>
<arg>Contact</arg>
<arg>FirstName=User-${i}</arg>
<arg>LastName=${random string}</arg>
<doc>Inserts a Salesforce object setting fields using kwargs and returns the id</doc>
<msg timestamp="20191023 09:42:34.832" level="INFO">Inserting Contact with values {'FirstName': 'User-1', 'LastName': 'nQpY3L2D'}</msg>
<msg timestamp="20191023 09:42:35.118" level="INFO">Storing Contact 0034F00000SaS4DQAV to session records</msg>
<msg timestamp="20191023 09:42:35.118" level="INFO">${contact_id} = 0034F00000SaS4DQAV</msg>
<status status="PASS" starttime="20191023 09:42:34.832" endtime="20191023 09:42:35.118"/>
</kw>
<status status="PASS" starttime="20191023 09:42:34.831" endtime="20191023 09:42:35.119"/>
</kw>
<kw name="${i} = 2" type="FOR ITERATION">
<kw name="Salesforce Insert" library="cumulusci.robotframework.Salesforce">
<var>${contact_id}</var>
<arg>Contact</arg>
<arg>FirstName=User-${i}</arg>
<arg>LastName=${random string}</arg>
<doc>Inserts a Salesforce object setting fields using kwargs and returns the id</doc>
<msg timestamp="20191023 09:42:35.119" level="INFO">Inserting Contact with values {'FirstName': 'User-2', 'LastName': 'nQpY3L2D'}</msg>
<msg timestamp="20191023 09:42:35.447" level="INFO">Storing Contact 0034F00000SaS4IQAV to session records</msg>
<msg timestamp="20191023 09:42:35.447" level="INFO">${contact_id} = 0034F00000SaS4IQAV</msg>
<status status="PASS" starttime="20191023 09:42:35.119" endtime="20191023 09:42:35.447"/>
</kw>
<status status="PASS" starttime="20191023 09:42:35.119" endtime="20191023 09:42:35.447"/>
</kw>
<kw name="${i} = 3" type="FOR ITERATION">
<kw name="Salesforce Insert" library="cumulusci.robotframework.Salesforce">
<var>${contact_id}</var>
<arg>Contact</arg>
<arg>FirstName=User-${i}</arg>
<arg>LastName=${random string}</arg>
<doc>Inserts a Salesforce object setting fields using kwargs and returns the id</doc>
<msg timestamp="20191023 09:42:35.448" level="INFO">Inserting Contact with values {'FirstName': 'User-3', 'LastName': 'nQpY3L2D'}</msg>
<msg timestamp="20191023 09:42:35.800" level="INFO">Storing Contact 0034F00000SaS4NQAV to session records</msg>
<msg timestamp="20191023 09:42:35.800" level="INFO">${contact_id} = 0034F00000SaS4NQAV</msg>
<status status="PASS" starttime="20191023 09:42:35.448" endtime="20191023 09:42:35.800"/>
</kw>
<status status="PASS" starttime="20191023 09:42:35.447" endtime="20191023 09:42:35.800"/>
</kw>
<kw name="${i} = 4" type="FOR ITERATION">
<kw name="Salesforce Insert" library="cumulusci.robotframework.Salesforce">
<var>${contact_id}</var>
<arg>Contact</arg>
<arg>FirstName=User-${i}</arg>
<arg>LastName=${random string}</arg>
<doc>Inserts a Salesforce object setting fields using kwargs and returns the id</doc>
<msg timestamp="20191023 09:42:35.801" level="INFO">Inserting Contact with values {'FirstName': 'User-4', 'LastName': 'nQpY3L2D'}</msg>
<msg timestamp="20191023 09:42:36.452" level="INFO">Storing Contact 0034F00000SaS4SQAV to session records</msg>
<msg timestamp="20191023 09:42:36.452" level="INFO">${contact_id} = 0034F00000SaS4SQAV</msg>
<status status="PASS" starttime="20191023 09:42:35.801" endtime="20191023 09:42:36.452"/>
</kw>
<status status="PASS" starttime="20191023 09:42:35.800" endtime="20191023 09:42:36.452"/>
</kw>
<status status="PASS" starttime="20191023 09:42:34.070" endtime="20191023 09:42:36.452"/>
</kw>
<kw name="Salesforce Query" library="cumulusci.robotframework.Salesforce">
<var>@{query}</var>
<arg>Contact</arg>
<arg>LastName=${random string}</arg>
<doc>Constructs and runs a simple SOQL query and returns the dict results</doc>
<msg timestamp="20191023 09:42:36.453" level="INFO">Running SOQL Query: SELECT Id FROM Contact WHERE LastName = 'nQpY3L2D'</msg>
<msg timestamp="20191023 09:42:36.602" level="INFO">@{query} = [ OrderedDict([('attributes', OrderedDict([('type', 'Contact'), ('url', '/services/data/v46.0/sobjects/Contact/0034F00000SaS48QAF')])), ('Id', '0034F00000SaS48QAF')]) | OrderedDict([('attributes', Ord...</msg>
<status status="PASS" starttime="20191023 09:42:36.452" endtime="20191023 09:42:36.602"/>
</kw>
<kw name="Length Should Be" library="BuiltIn">
<arg>${query}</arg>
<arg>5</arg>
<arg>Expected the query to return five records, but it returned ${query}</arg>
<doc>Verifies that the length of the given item is correct.</doc>
<msg timestamp="20191023 09:42:36.604" level="INFO">Length is 5</msg>
<status status="PASS" starttime="20191023 09:42:36.602" endtime="20191023 09:42:36.604"/>
</kw>
<kw name="Delete Session Records" library="cumulusci.robotframework.Salesforce">
<doc>Deletes records that were created while running this test case.</doc>
<msg timestamp="20191023 09:42:36.605" level="INFO">Deleting 9 records</msg>
<msg timestamp="20191023 09:42:36.605" level="INFO">  Deleting Contact 0034F00000SaS4SQAV</msg>
<msg timestamp="20191023 09:42:36.605" level="INFO">Deleting Contact with Id 0034F00000SaS4SQAV</msg>
<msg timestamp="20191023 09:42:37.327" level="INFO">  Deleting Contact 0034F00000SaS4NQAV</msg>
<msg timestamp="20191023 09:42:37.327" level="INFO">Deleting Contact with Id 0034F00000SaS4NQAV</msg>
<msg timestamp="20191023 09:42:37.717" level="INFO">  Deleting Contact 0034F00000SaS4IQAV</msg>
<msg timestamp="20191023 09:42:37.717" level="INFO">Deleting Contact with Id 0034F00000SaS4IQAV</msg>
<msg timestamp="20191023 09:42:38.104" level="INFO">  Deleting Contact 0034F00000SaS4DQAV</msg>
<msg timestamp="20191023 09:42:38.104" level="INFO">Deleting Contact with Id 0034F00000SaS4DQAV</msg>
<msg timestamp="20191023 09:42:38.573" level="INFO">  Deleting Contact 0034F00000SaS48QAF</msg>
<msg timestamp="20191023 09:42:38.573" level="INFO">Deleting Contact with Id 0034F00000SaS48QAF</msg>
<msg timestamp="20191023 09:42:38.987" level="INFO">  Deleting Contact 0034F00000SaS3yQAF</msg>
<msg timestamp="20191023 09:42:38.987" level="INFO">Deleting Contact with Id 0034F00000SaS3yQAF</msg>
<msg timestamp="20191023 09:42:39.334" level="INFO">  Deleting Contact 0034F00000SaS3oQAF</msg>
<msg timestamp="20191023 09:42:39.334" level="INFO">Deleting Contact with Id 0034F00000SaS3oQAF</msg>
<msg timestamp="20191023 09:42:40.591" level="INFO">  Deleting Contact 0034F00000SaS3KQAV</msg>
<msg timestamp="20191023 09:42:40.591" level="INFO">Deleting Contact with Id 0034F00000SaS3KQAV</msg>
<msg timestamp="20191023 09:42:41.201" level="INFO">  Deleting Contact 0034F00000SaS2lQAF</msg>
<msg timestamp="20191023 09:42:41.201" level="INFO">Deleting Contact with Id 0034F00000SaS2lQAF</msg>
<status status="PASS" starttime="20191023 09:42:36.605" endtime="20191023 09:42:41.564"/>
</kw>
<kw name="Salesforce Query" library="cumulusci.robotframework.Salesforce">
<var>@{query}</var>
<arg>Contact</arg>
<arg>LastName=${random string}</arg>
<doc>Constructs and runs a simple SOQL query and returns the dict results</doc>
<msg timestamp="20191023 09:42:41.565" level="INFO">Running SOQL Query: SELECT Id FROM Contact WHERE LastName = 'nQpY3L2D'</msg>
<msg timestamp="20191023 09:42:41.822" level="INFO">@{query} = [ ]</msg>
<status status="PASS" starttime="20191023 09:42:41.564" endtime="20191023 09:42:41.823"/>
</kw>
<kw name="Length Should Be" library="BuiltIn">
<arg>${query}</arg>
<arg>0</arg>
<arg>Expected the query to return 0 records, but it returned ${query}</arg>
<doc>Verifies that the length of the given item is correct.</doc>
<msg timestamp="20191023 09:42:41.824" level="INFO">Length is 0</msg>
<status status="PASS" starttime="20191023 09:42:41.823" endtime="20191023 09:42:41.824"/>
</kw>
<doc>Verify that 'Delete Session Records' deletes all session records
This verifies that we fixed a bug which resulted in some records
not being deleted.</doc>
<tag>api</tag>
<status status="PASS" starttime="20191023 09:42:27.840" endtime="20191023 09:42:41.825"/>
</test>
<test id="s1-s2-s1-t7" name="Collection API Test">
<kw name="Sleep" library="BuiltIn" type="SETUP">
<arg>6</arg>
<doc>Pauses the test executed for the given time.</doc>
<msg timestamp="20191023 09:42:47.838" level="INFO">Slept 6 seconds</msg>
<status status="PASS" starttime="20191023 09:42:41.829" endtime="20191023 09:42:47.838"/>
</kw>
<kw name="Generate Test Data" library="cumulusci.robotframework.Salesforce">
<var>@{objects}</var>
<arg>Contact</arg>
<arg>20</arg>
<arg>FirstName=User {{number}}</arg>
<arg>LastName={{fake.last_name}}</arg>
<doc>Generate test data dictionaries. Usually used for later insertion into SF.</doc>
<msg timestamp="20191023 09:42:47.887" level="INFO">@{objects} = [ {'attributes': {'type': 'Contact'}, 'FirstName': 'User 0', 'LastName': 'Murphy'} | {'attributes': {'type': 'Contact'}, 'FirstName': 'User 1', 'LastName': 'Griffin'} | {'attributes': {'type': 'Contac...</msg>
<status status="PASS" starttime="20191023 09:42:47.838" endtime="20191023 09:42:47.887"/>
</kw>
<kw name="Salesforce Collection Insert" library="cumulusci.robotframework.Salesforce">
<var>@{records}</var>
<arg>${objects}</arg>
<doc>Inserts up to 200 records that were created with Generate Test Data.
The 200 record limit is enforced by the Salesforce APIs</doc>
<msg timestamp="20191023 09:42:49.052" level="INFO">Storing Contact 0034F00000SaS4XQAV to session records</msg>
<msg timestamp="20191023 09:42:49.052" level="INFO">Storing Contact 0034F00000SaS4YQAV to session records</msg>
<msg timestamp="20191023 09:42:49.052" level="INFO">Storing Contact 0034F00000SaS4ZQAV to session records</msg>
<msg timestamp="20191023 09:42:49.052" level="INFO">Storing Contact 0034F00000SaS4aQAF to session records</msg>
<msg timestamp="20191023 09:42:49.052" level="INFO">Storing Contact 0034F00000SaS4bQAF to session records</msg>
<msg timestamp="20191023 09:42:49.052" level="INFO">Storing Contact 0034F00000SaS4cQAF to session records</msg>
<msg timestamp="20191023 09:42:49.052" level="INFO">Storing Contact 0034F00000SaS4dQAF to session records</msg>
<msg timestamp="20191023 09:42:49.052" level="INFO">Storing Contact 0034F00000SaS4eQAF to session records</msg>
<msg timestamp="20191023 09:42:49.052" level="INFO">Storing Contact 0034F00000SaS4fQAF to session records</msg>
<msg timestamp="20191023 09:42:49.052" level="INFO">Storing Contact 0034F00000SaS4gQAF to session records</msg>
<msg timestamp="20191023 09:42:49.052" level="INFO">Storing Contact 0034F00000SaS4hQAF to session records</msg>
<msg timestamp="20191023 09:42:49.052" level="INFO">Storing Contact 0034F00000SaS4iQAF to session records</msg>
<msg timestamp="20191023 09:42:49.052" level="INFO">Storing Contact 0034F00000SaS4jQAF to session records</msg>
<msg timestamp="20191023 09:42:49.052" level="INFO">Storing Contact 0034F00000SaS4kQAF to session records</msg>
<msg timestamp="20191023 09:42:49.052" level="INFO">Storing Contact 0034F00000SaS4lQAF to session records</msg>
<msg timestamp="20191023 09:42:49.052" level="INFO">Storing Contact 0034F00000SaS4mQAF to session records</msg>
<msg timestamp="20191023 09:42:49.053" level="INFO">Storing Contact 0034F00000SaS4nQAF to session records</msg>
<msg timestamp="20191023 09:42:49.053" level="INFO">Storing Contact 0034F00000SaS4oQAF to session records</msg>
<msg timestamp="20191023 09:42:49.053" level="INFO">Storing Contact 0034F00000SaS4pQAF to session records</msg>
<msg timestamp="20191023 09:42:49.053" level="INFO">Storing Contact 0034F00000SaS4qQAF to session records</msg>
<msg timestamp="20191023 09:42:49.053" level="INFO">@{records} = [ {'attributes': {'type': 'Contact'}, 'FirstName': 'User 0', 'LastName': 'Murphy', 'id': '0034F00000SaS4XQAV', ('status',): OrderedDict([('id', '0034F00000SaS4XQAV'), ('success', True), ('errors', [])...</msg>
<status status="PASS" starttime="20191023 09:42:47.888" endtime="20191023 09:42:49.053"/>
</kw>
<kw name="${record} IN [ @{records} ]" type="FOR">
<kw name="${record} = {'attributes': {'type': 'Contact'}, 'FirstName': 'User 0', 'LastName': 'Murphy', 'id': '0034F00000SaS4XQAV', ('status',): OrderedDict([('id', '0034F00000SaS4XQAV'), ('success', True), ('errors', [])])..." type="FOR ITERATION">
<kw name="Generate Random String" library="String">
<var>${new_last_name}</var>
<doc>Generates a string with a desired ``length`` from the given ``chars``.</doc>
<msg timestamp="20191023 09:42:49.054" level="INFO">${new_last_name} = V64kMv9d</msg>
<status status="PASS" starttime="20191023 09:42:49.054" endtime="20191023 09:42:49.054"/>
</kw>
<kw name="Set To Dictionary" library="Collections">
<arg>${record}</arg>
<arg>LastName</arg>
<arg>${new_last_name}</arg>
<doc>Adds the given ``key_value_pairs`` and ``items`` to the ``dictionary``.</doc>
<status status="PASS" starttime="20191023 09:42:49.054" endtime="20191023 09:42:49.054"/>
</kw>
<status status="PASS" starttime="20191023 09:42:49.053" endtime="20191023 09:42:49.054"/>
</kw>
[...]
<msg timestamp="20191023 09:43:35.128" level="INFO">Creating an instance of the Chrome WebDriver.</msg>
<msg timestamp="20191023 09:43:37.731" level="FAIL">SessionNotCreatedException: Message: session not created: Chrome version must be between 71 and 75
  (Driver info: chromedriver=2.46.628411 (3324f4c8be9ff2f70a05a30ebc72ffb013e1a71e),platform=Mac OS X 10.14.6 x86_64)
</msg>
<status status="FAIL" starttime="20191023 09:43:35.128" endtime="20191023 09:43:37.731"/>
</kw>
<status status="FAIL" starttime="20191023 09:43:35.126" endtime="20191023 09:43:37.732"/>
</kw>
<status status="FAIL" starttime="20191023 09:43:35.125" endtime="20191023 09:43:37.732"/>
</kw>
<status status="FAIL" starttime="20191023 09:43:35.124" endtime="20191023 09:43:37.732"/>
</kw>
<status status="FAIL" starttime="20191023 09:43:35.124" endtime="20191023 09:43:37.732"/>
</kw>
<test id="s1-s2-s5-t1" name="Test Populate ability to clear a field">
<doc>We've had problems with the populate keyword not always
clearing the field before inserting text. This will try
to set various fields to a new value and verify that the
new value overwrites the old rather than append to it</doc>
<status status="FAIL" starttime="20191023 09:43:37.733" endtime="20191023 09:43:37.734">Parent suite setup failed:
SessionNotCreatedException: Message: session not created: Chrome version must be between 71 and 75
  (Driver info: chromedriver=2.46.628411 (3324f4c8be9ff2f70a05a30ebc72ffb013e1a71e),platform=Mac OS X 10.14.6 x86_64)
</status>
</test>
<kw name="Delete Records and Close Browser" library="Salesforce" type="TEARDOWN">
<doc>This will close all open browser windows and then delete
all records created with the Salesforce API during this
testing session.</doc>
<kw name="Close All Browsers" library="SeleniumLibrary">
<doc>Closes all open browsers and resets the browser cache.</doc>
<status status="PASS" starttime="20191023 09:43:37.736" endtime="20191023 09:43:37.736"/>
</kw>
<kw name="Delete Session Records" library="cumulusci.robotframework.Salesforce">
<doc>Deletes records that were created while running this test case.</doc>
<msg timestamp="20191023 09:43:37.737" level="INFO">Deleting 0 records</msg>
<status status="PASS" starttime="20191023 09:43:37.737" endtime="20191023 09:43:37.737"/>
</kw>
<status status="PASS" starttime="20191023 09:43:37.735" endtime="20191023 09:43:37.737"/>
</kw>
<doc>This suite tests the `Populate Field` keyword.
Specifically, it verifies that the keyword properly
overwrites previous values. We had some bugs where
new values were getting appended rather than replacing
existing values.

This suite uses an opportunity, since the edit dialog
has several different field types on it.</doc>
<status status="FAIL" starttime="20191023 09:43:35.112" endtime="20191023 09:43:37.737">Suite setup failed:
SessionNotCreatedException: Message: session not created: Chrome version must be between 71 and 75
  (Driver info: chromedriver=2.46.628411 (3324f4c8be9ff2f70a05a30ebc72ffb013e1a71e),platform=Mac OS X 10.14.6 x86_64)
</status>
</suite>
<suite id="s1-s2-s6" name="Ui" source="/Users/pprescod/code/CumulusCI/cumulusci/robotframework/tests/salesforce/ui.robot">
<kw name="Open Test Browser" library="Salesforce" type="SETUP">
<doc>Opens a test browser to the org.</doc>
<kw name="Login Url" library="cumulusci.robotframework.CumulusCI">
<var>${login_url}</var>
<doc>Returns the login url which will automatically log into the target
Salesforce org.  By default, the org_name passed to the library
constructor is used but this can be overridden with the org option
to log into a different org.</doc>
<msg timestamp="20191023 09:43:37.752" level="INFO">${login_url} = https://efficiency-fun-590-dev-ed.cs93.my.salesforce.com/secur/frontdoor.jsp?sid=MASKED</msg>
<status status="PASS" starttime="20191023 09:43:37.752" endtime="20191023 09:43:37.752"/>
</kw>
<kw name="Run Keyword If" library="BuiltIn">
<arg>'${BROWSER}' == 'chrome'</arg>
<arg>Open Test Browser Chrome</arg>
<arg>${login_url}</arg>
<arg>alias=${alias}</arg>
<arg>ELSE IF</arg>
<arg>'${BROWSER}' == 'firefox'</arg>
<arg>Open Test Browser Firefox</arg>
<arg>${login_url}</arg>
<arg>alias=${alias}</arg>
<arg>ELSE IF</arg>
<arg>'${BROWSER}' == 'headlesschrome'</arg>
<arg>Open Test Browser Chrome</arg>
<arg>${login_url}</arg>
<arg>alias=${alias}</arg>
<arg>ELSE IF</arg>
<arg>'${BROWSER}' == 'headlessfirefox'</arg>
<arg>Open Test Browser Headless Firefox</arg>
<arg>${login_url}</arg>
<arg>alias=${alias}</arg>
<arg>ELSE</arg>
<arg>Open Browser</arg>
<arg>${login_url}</arg>
<arg>${BROWSER}</arg>
<arg>alias=${alias}</arg>
<doc>Runs the given keyword with the given arguments, if ``condition`` is true.</doc>
<kw name="Open Test Browser Chrome" library="Salesforce">
<arg>${login_url}</arg>
<arg>alias=${alias}</arg>
<kw name="Get Chrome Options" library="Salesforce">
<var>${options}</var>
<kw name="Evaluate" library="BuiltIn">
<var>${options}</var>
<arg>selenium.webdriver.ChromeOptions()</arg>
<arg>modules=selenium</arg>
<doc>Evaluates the given expression in Python and returns the results.</doc>
<msg timestamp="20191023 09:43:37.755" level="INFO">${options} = &lt;selenium.webdriver.chrome.options.Options object at 0x10d896828&gt;</msg>
<status status="PASS" starttime="20191023 09:43:37.754" endtime="20191023 09:43:37.755"/>
</kw>
<kw name="Run Keyword If" library="BuiltIn">
<arg>'${BROWSER}' == 'headlesschrome'</arg>
<arg>Chrome Set Headless</arg>
<arg>${options}</arg>
<doc>Runs the given keyword with the given arguments, if ``condition`` is true.</doc>
<status status="PASS" starttime="20191023 09:43:37.755" endtime="20191023 09:43:37.756"/>
</kw>
<kw name="Run Keyword If" library="BuiltIn">
<arg>'${CHROME_BINARY}' != '${empty}'</arg>
<arg>Chrome Set Binary</arg>
<arg>${options}</arg>
<doc>Runs the given keyword with the given arguments, if ``condition`` is true.</doc>
<status status="PASS" starttime="20191023 09:43:37.756" endtime="20191023 09:43:37.756"/>
</kw>
<kw name="Call Method" library="BuiltIn">
<arg>${options}</arg>
<arg>add_argument</arg>
<arg>--disable-notifications</arg>
<doc>Calls the named method of the given object with the provided arguments.</doc>
<status status="PASS" starttime="20191023 09:43:37.756" endtime="20191023 09:43:37.757"/>
</kw>
<msg timestamp="20191023 09:43:37.757" level="INFO">${options} = &lt;selenium.webdriver.chrome.options.Options object at 0x10d896828&gt;</msg>
<status status="PASS" starttime="20191023 09:43:37.754" endtime="20191023 09:43:37.757"/>
</kw>
<kw name="Create Webdriver With Retry" library="cumulusci.robotframework.Salesforce">
<arg>Chrome</arg>
<arg>options=${options}</arg>
<arg>alias=${alias}</arg>
<doc>Call the Create Webdriver keyword.</doc>
<msg timestamp="20191023 09:43:37.757" level="INFO">Creating an instance of the Chrome WebDriver.</msg>
<msg timestamp="20191023 09:43:40.241" level="FAIL">SessionNotCreatedException: Message: session not created: Chrome version must be between 71 and 75
  (Driver info: chromedriver=2.46.628411 (3324f4c8be9ff2f70a05a30ebc72ffb013e1a71e),platform=Mac OS X 10.14.6 x86_64)
</msg>
<status status="FAIL" starttime="20191023 09:43:37.757" endtime="20191023 09:43:40.242"/>
</kw>
<status status="FAIL" starttime="20191023 09:43:37.753" endtime="20191023 09:43:40.242"/>
</kw>
<status status="FAIL" starttime="20191023 09:43:37.752" endtime="20191023 09:43:40.242"/>
</kw>
<status status="FAIL" starttime="20191023 09:43:37.752" endtime="20191023 09:43:40.243"/>
</kw>
<test id="s1-s2-s6-t1" name="Click Modal Button">
<status status="FAIL" starttime="20191023 09:43:40.243" endtime="20191023 09:43:40.244">Parent suite setup failed:
SessionNotCreatedException: Message: session not created: Chrome version must be between 71 and 75
  (Driver info: chromedriver=2.46.628411 (3324f4c8be9ff2f70a05a30ebc72ffb013e1a71e),platform=Mac OS X 10.14.6 x86_64)
</status>
</test>
<test id="s1-s2-s6-t2" name="Click Object Button">
<status status="FAIL" starttime="20191023 09:43:40.245" endtime="20191023 09:43:40.245">Parent suite setup failed:
SessionNotCreatedException: Message: session not created: Chrome version must be between 71 and 75
  (Driver info: chromedriver=2.46.628411 (3324f4c8be9ff2f70a05a30ebc72ffb013e1a71e),platform=Mac OS X 10.14.6 x86_64)
</status>
</test>
<test id="s1-s2-s6-t3" name="Click Related List Button">
<status status="FAIL" starttime="20191023 09:43:40.246" endtime="20191023 09:43:40.247">Parent suite setup failed:
SessionNotCreatedException: Message: session not created: Chrome version must be between 71 and 75
  (Driver info: chromedriver=2.46.628411 (3324f4c8be9ff2f70a05a30ebc72ffb013e1a71e),platform=Mac OS X 10.14.6 x86_64)
</status>
</test>
<test id="s1-s2-s6-t4" name="Close Modal">
<status status="FAIL" starttime="20191023 09:43:40.247" endtime="20191023 09:43:40.248">Parent suite setup failed:
SessionNotCreatedException: Message: session not created: Chrome version must be between 71 and 75
  (Driver info: chromedriver=2.46.628411 (3324f4c8be9ff2f70a05a30ebc72ffb013e1a71e),platform=Mac OS X 10.14.6 x86_64)
</status>
</test>
<test id="s1-s2-s6-t5" name="Current App Should Be">
<status status="FAIL" starttime="20191023 09:43:40.248" endtime="20191023 09:43:40.249">Parent suite setup failed:
SessionNotCreatedException: Message: session not created: Chrome version must be between 71 and 75
  (Driver info: chromedriver=2.46.628411 (3324f4c8be9ff2f70a05a30ebc72ffb013e1a71e),platform=Mac OS X 10.14.6 x86_64)
</status>
</test>
<test id="s1-s2-s6-t6" name="Select App Launcher Tab">
<doc>Verify that 'Select App Launcher Tab' works</doc>
<status status="FAIL" starttime="20191023 09:43:40.249" endtime="20191023 09:43:40.250">Parent suite setup failed:
SessionNotCreatedException: Message: session not created: Chrome version must be between 71 and 75
  (Driver info: chromedriver=2.46.628411 (3324f4c8be9ff2f70a05a30ebc72ffb013e1a71e),platform=Mac OS X 10.14.6 x86_64)
</status>
</test>
<test id="s1-s2-s6-t7" name="Get Current Record Id">
<status status="FAIL" starttime="20191023 09:43:40.251" endtime="20191023 09:43:40.251">Parent suite setup failed:
SessionNotCreatedException: Message: session not created: Chrome version must be between 71 and 75
  (Driver info: chromedriver=2.46.628411 (3324f4c8be9ff2f70a05a30ebc72ffb013e1a71e),platform=Mac OS X 10.14.6 x86_64)
</status>
</test>
<test id="s1-s2-s6-t8" name="Get Related List Count">
<status status="FAIL" starttime="20191023 09:43:40.251" endtime="20191023 09:43:40.252">Parent suite setup failed:
SessionNotCreatedException: Message: session not created: Chrome version must be between 71 and 75
  (Driver info: chromedriver=2.46.628411 (3324f4c8be9ff2f70a05a30ebc72ffb013e1a71e),platform=Mac OS X 10.14.6 x86_64)
</status>
</test>
<test id="s1-s2-s6-t9" name="Go To Setup Home">
<status status="FAIL" starttime="20191023 09:43:40.252" endtime="20191023 09:43:40.253">Parent suite setup failed:
SessionNotCreatedException: Message: session not created: Chrome version must be between 71 and 75
  (Driver info: chromedriver=2.46.628411 (3324f4c8be9ff2f70a05a30ebc72ffb013e1a71e),platform=Mac OS X 10.14.6 x86_64)
</status>
</test>
<test id="s1-s2-s6-t10" name="Go To Setup Object Manager">
<status status="FAIL" starttime="20191023 09:43:40.254" endtime="20191023 09:43:40.254">Parent suite setup failed:
SessionNotCreatedException: Message: session not created: Chrome version must be between 71 and 75
  (Driver info: chromedriver=2.46.628411 (3324f4c8be9ff2f70a05a30ebc72ffb013e1a71e),platform=Mac OS X 10.14.6 x86_64)
</status>
</test>
<test id="s1-s2-s6-t11" name="Go To Object Home">
<tag>smoke</tag>
<status status="FAIL" starttime="20191023 09:43:40.255" endtime="20191023 09:43:40.255">Parent suite setup failed:
SessionNotCreatedException: Message: session not created: Chrome version must be between 71 and 75
  (Driver info: chromedriver=2.46.628411 (3324f4c8be9ff2f70a05a30ebc72ffb013e1a71e),platform=Mac OS X 10.14.6 x86_64)
</status>
</test>
<test id="s1-s2-s6-t12" name="Go To Object List">
<tag>smoke</tag>
<status status="FAIL" starttime="20191023 09:43:40.256" endtime="20191023 09:43:40.257">Parent suite setup failed:
SessionNotCreatedException: Message: session not created: Chrome version must be between 71 and 75
  (Driver info: chromedriver=2.46.628411 (3324f4c8be9ff2f70a05a30ebc72ffb013e1a71e),platform=Mac OS X 10.14.6 x86_64)
</status>
</test>
<test id="s1-s2-s6-t13" name="Go To Object List With Filter">
<tag>smoke</tag>
<status status="FAIL" starttime="20191023 09:43:40.258" endtime="20191023 09:43:40.259">Parent suite setup failed:
SessionNotCreatedException: Message: session not created: Chrome version must be between 71 and 75
  (Driver info: chromedriver=2.46.628411 (3324f4c8be9ff2f70a05a30ebc72ffb013e1a71e),platform=Mac OS X 10.14.6 x86_64)
</status>
</test>
<test id="s1-s2-s6-t14" name="Go To Record Home">
<tag>smoke</tag>
<status status="FAIL" starttime="20191023 09:43:40.259" endtime="20191023 09:43:40.260">Parent suite setup failed:
SessionNotCreatedException: Message: session not created: Chrome version must be between 71 and 75
  (Driver info: chromedriver=2.46.628411 (3324f4c8be9ff2f70a05a30ebc72ffb013e1a71e),platform=Mac OS X 10.14.6 x86_64)
</status>
</test>
<test id="s1-s2-s6-t15" name="Header Field Should Have Value">
<status status="FAIL" starttime="20191023 09:43:40.260" endtime="20191023 09:43:40.261">Parent suite setup failed:
SessionNotCreatedException: Message: session not created: Chrome version must be between 71 and 75
  (Driver info: chromedriver=2.46.628411 (3324f4c8be9ff2f70a05a30ebc72ffb013e1a71e),platform=Mac OS X 10.14.6 x86_64)
</status>
</test>
<test id="s1-s2-s6-t16" name="Header Field Should Not Have Value">
<status status="FAIL" starttime="20191023 09:43:40.261" endtime="20191023 09:43:40.262">Parent suite setup failed:
SessionNotCreatedException: Message: session not created: Chrome version must be between 71 and 75
  (Driver info: chromedriver=2.46.628411 (3324f4c8be9ff2f70a05a30ebc72ffb013e1a71e),platform=Mac OS X 10.14.6 x86_64)
</status>
</test>
<test id="s1-s2-s6-t17" name="Header Field Should Have Link">
<status status="FAIL" starttime="20191023 09:43:40.263" endtime="20191023 09:43:40.264">Parent suite setup failed:
SessionNotCreatedException: Message: session not created: Chrome version must be between 71 and 75
  (Driver info: chromedriver=2.46.628411 (3324f4c8be9ff2f70a05a30ebc72ffb013e1a71e),platform=Mac OS X 10.14.6 x86_64)
</status>
</test>
<test id="s1-s2-s6-t18" name="Header Field Should Not Have Link">
<status status="FAIL" starttime="20191023 09:43:40.265" endtime="20191023 09:43:40.266">Parent suite setup failed:
SessionNotCreatedException: Message: session not created: Chrome version must be between 71 and 75
  (Driver info: chromedriver=2.46.628411 (3324f4c8be9ff2f70a05a30ebc72ffb013e1a71e),platform=Mac OS X 10.14.6 x86_64)
</status>
</test>
<test id="s1-s2-s6-t19" name="Click Header Field Link">
<status status="FAIL" starttime="20191023 09:43:40.267" endtime="20191023 09:43:40.267">Parent suite setup failed:
SessionNotCreatedException: Message: session not created: Chrome version must be between 71 and 75
  (Driver info: chromedriver=2.46.628411 (3324f4c8be9ff2f70a05a30ebc72ffb013e1a71e),platform=Mac OS X 10.14.6 x86_64)
</status>
</test>
<test id="s1-s2-s6-t20" name="Open App Launcher">
<status status="FAIL" starttime="20191023 09:43:40.268" endtime="20191023 09:43:40.268">Parent suite setup failed:
SessionNotCreatedException: Message: session not created: Chrome version must be between 71 and 75
  (Driver info: chromedriver=2.46.628411 (3324f4c8be9ff2f70a05a30ebc72ffb013e1a71e),platform=Mac OS X 10.14.6 x86_64)
</status>
</test>
<test id="s1-s2-s6-t21" name="Populate Field">
<status status="FAIL" starttime="20191023 09:43:40.269" endtime="20191023 09:43:40.271">Parent suite setup failed:
SessionNotCreatedException: Message: session not created: Chrome version must be between 71 and 75
  (Driver info: chromedriver=2.46.628411 (3324f4c8be9ff2f70a05a30ebc72ffb013e1a71e),platform=Mac OS X 10.14.6 x86_64)
</status>
</test>
<test id="s1-s2-s6-t22" name="Populate Lookup Field">
<status status="FAIL" starttime="20191023 09:43:40.271" endtime="20191023 09:43:40.272">Parent suite setup failed:
SessionNotCreatedException: Message: session not created: Chrome version must be between 71 and 75
  (Driver info: chromedriver=2.46.628411 (3324f4c8be9ff2f70a05a30ebc72ffb013e1a71e),platform=Mac OS X 10.14.6 x86_64)
</status>
</test>
<test id="s1-s2-s6-t23" name="Populate Form">
<status status="FAIL" starttime="20191023 09:43:40.273" endtime="20191023 09:43:40.274">Parent suite setup failed:
SessionNotCreatedException: Message: session not created: Chrome version must be between 71 and 75
  (Driver info: chromedriver=2.46.628411 (3324f4c8be9ff2f70a05a30ebc72ffb013e1a71e),platform=Mac OS X 10.14.6 x86_64)
</status>
</test>
<kw name="Delete Records and Close Browser" library="Salesforce" type="TEARDOWN">
<doc>This will close all open browser windows and then delete
all records created with the Salesforce API during this
testing session.</doc>
<kw name="Close All Browsers" library="SeleniumLibrary">
<doc>Closes all open browsers and resets the browser cache.</doc>
<status status="PASS" starttime="20191023 09:43:40.276" endtime="20191023 09:43:40.276"/>
</kw>
<kw name="Delete Session Records" library="cumulusci.robotframework.Salesforce">
<doc>Deletes records that were created while running this test case.</doc>
<msg timestamp="20191023 09:43:40.276" level="INFO">Deleting 0 records</msg>
<status status="PASS" starttime="20191023 09:43:40.276" endtime="20191023 09:43:40.276"/>
</kw>
<status status="PASS" starttime="20191023 09:43:40.275" endtime="20191023 09:43:40.276"/>
</kw>
<status status="FAIL" starttime="20191023 09:43:37.739" endtime="20191023 09:43:40.276">Suite setup failed:
SessionNotCreatedException: Message: session not created: Chrome version must be between 71 and 75
  (Driver info: chromedriver=2.46.628411 (3324f4c8be9ff2f70a05a30ebc72ffb013e1a71e),platform=Mac OS X 10.14.6 x86_64)
</status>
</suite>
<status status="FAIL" starttime="20191023 09:41:53.227" endtime="20191023 09:43:40.282"/>
</suite>
<status status="FAIL" starttime="20191023 09:38:43.625" endtime="20191023 09:43:40.292"/>
</suite>
<statistics>
<total>
<stat pass="24" fail="49" skip="0">All Tests</stat>
</total>
<tag>
<stat pass="8" fail="0" skip="0">api</stat>
<stat pass="0" fail="1" skip="0">bryan</stat>
<stat pass="3" fail="0" skip="0">bulkdata</stat>
<stat pass="0" fail="2" skip="0">issue:1068</stat>
<stat pass="1" fail="0" skip="0">Runme</stat>
<stat pass="0" fail="4" skip="0">smoke</stat>
</tag>
<suite>
<stat pass="24" fail="49" skip="0" id="s1" name="Nested">Nested</stat>
<stat pass="16" fail="0" skip="0" id="s1-s1" name="Cumulusci">Nested.Cumulusci</stat>
<stat pass="9" fail="0" skip="0" id="s1-s1-s1" name="Base">Nested.Cumulusci.Base</stat>
<stat pass="3" fail="0" skip="0" id="s1-s1-s2" name="Bulkdata">Nested.Cumulusci.Bulkdata</stat>
<stat pass="4" fail="0" skip="0" id="s1-s1-s3" name="Communities">Nested.Cumulusci.Communities</stat>
<stat pass="8" fail="49" skip="0" id="s1-s2" name="Salesforce">Nested.Salesforce</stat>
<stat pass="8" fail="0" skip="0" id="s1-s2-s1" name="Api">Nested.Salesforce.Api</stat>
<stat pass="0" fail="5" skip="0" id="s1-s2-s2" name="Browsers">Nested.Salesforce.Browsers</stat>
<stat pass="0" fail="2" skip="0" id="s1-s2-s3" name="Create Contact">Nested.Salesforce.Create Contact</stat>
<stat pass="0" fail="18" skip="0" id="s1-s2-s4" name="Pageobjects">Nested.Salesforce.Pageobjects</stat>
<stat pass="0" fail="18" skip="0" id="s1-s2-s4-s1" name="Pageobjects">Nested.Salesforce.Pageobjects.Pageobjects</stat>
<stat pass="0" fail="1" skip="0" id="s1-s2-s5" name="Populate">Nested.Salesforce.Populate</stat>
<stat pass="0" fail="23" skip="0" id="s1-s2-s6" name="Ui">Nested.Salesforce.Ui</stat>
</suite>
</statistics>
<errors>
</errors>
</robot>
