<?xml version="1.0" encoding="UTF-8"?>
<robot generator="Rebot 4.0.1 (Python 3.8.9 on darwin)" generated="20210511 11:12:36.897" rpa="false" schemaversion="2">
  <suite id="s1" name="Api" source="">
    <test id="s1-t1" name="FakeTestResult2">
      <kw name="Sleep" library="BuiltIn" type="SETUP">
        <arg>6</arg>
        <doc>Pauses the test executed for the given time.</doc>
        <status status="PASS" starttime="20191021 01:00:00.000" endtime="20191021 01:00:06.00"/>
      </kw>
      <kw name="Create Contact">
        <var>&amp;{contact}</var>
        <kw name="Generate Random String" library="String">
          <var>${first_name}</var>
          <doc>Generates a string with a desired ``length`` from the given ``chars``.</doc>
          <msg timestamp="20191021 15:29:11.360" level="INFO">${first_name} = 9xPGOPDZ</msg>
          <status status="PASS" starttime="20191021 15:29:11.360" endtime="20191021 15:29:11.360"/>
        </kw>
        <kw name="Generate Random String" library="String">
          <var>${last_name}</var>
          <doc>Generates a string with a desired ``length`` from the given ``chars``.</doc>
          <msg timestamp="20191021 15:29:11.361" level="INFO">${last_name} = 08V1Y8CO</msg>
          <status status="PASS" starttime="20191021 15:29:11.360" endtime="20191021 15:29:11.361"/>
        </kw>
        <kw name="Salesforce Insert" library="cumulusci.robotframework.Salesforce">
          <var>${contact_id}</var>
          <arg>Contact</arg>
          <arg>FirstName=${first_name}</arg>
          <arg>LastName=${last_name}</arg>
          <doc>Inserts a Salesforce object setting fields using kwargs and returns the id</doc>
          <msg timestamp="20191021 15:29:11.361" level="INFO">Inserting Contact with values {'FirstName': '9xPGOPDZ', 'LastName': '08V1Y8CO'}</msg>
          <msg timestamp="20191021 15:29:12.330" level="INFO">Storing Contact 0034F00000SYtgTQAT to session records</msg>
          <msg timestamp="20191021 15:29:12.331" level="INFO">${contact_id} = 0034F00000SYtgTQAT</msg>
          <status status="PASS" starttime="REMOVED_FOR_CLARITY" endtime="REMOVED_FOR_CLARITY"/>
        </kw>
        <kw name="Salesforce Get" library="cumulusci.robotframework.Salesforce">
          <var>&amp;{contact}</var>
          <arg>Contact</arg>
          <arg>${contact_id}</arg>
          <doc>Gets a Salesforce object by id and returns the dict result</doc>
          <msg timestamp="REMOVED_FOR_CLARITY" level="INFO">Getting Contact with Id 0034F00000SYtgTQAT</msg>
          <msg timestamp="REMOVED_FOR_CLARITY" level="INFO">&amp;{contact} = { attributes={'type': 'Contact', 'url': '/services/data/v46.0/sobjects/Contact/0034F00000SYtgTQAT'} | Id=0034F00000SYtgTQAT | IsDeleted=False | MasterRecordId=None | AccountId=None | LastName=08V1Y8CO...</msg>
          <status status="PASS" starttime="REMOVED_FOR_CLARITY" endtime="REMOVED_FOR_CLARITY"/>
        </kw>
        <msg timestamp="REMOVED_FOR_CLARITY" level="INFO">&amp;{contact} = { attributes={'type': 'Contact', 'url': '/services/data/v46.0/sobjects/Contact/0034F00000SYtgTQAT'} | Id=0034F00000SYtgTQAT | IsDeleted=False | MasterRecordId=None | AccountId=None | LastName=08V1Y8CO...</msg>
        <status status="PASS" starttime="20191021 01:00:07.000" endtime="20191021 01:00:20.000"/>
      </kw>
      <kw name="Do Some Cleanup" library="cumulusci.robotframework.Salesforce" type="TEARDOWN">
        <doc>Cleanup the stuff.</doc>
        <status status="PASS" starttime="20191021 01:00:20.001" endtime="20191021 01:00:21.000"/>
      </kw>
      <tag>api</tag>
      <tag>Runme</tag>
      <status status="PASS" starttime="20191021 01:00:00.000" endtime="20191021 01:00:21.001"/>
    </test>
    <test id="s1-t2" name="FakeTestResult_setup_no_teardown">
      <kw name="Sleep" library="BuiltIn" type="SETUP">
        <arg>6</arg>
        <doc>Pauses the test executed for the given time.</doc>
        <status status="PASS" starttime="20191021 01:00:00.000" endtime="20191021 01:00:06.00"/>
      </kw>
      <kw name="Create Contact">
        <var>&amp;{contact}</var>
        <kw name="Generate Random String" library="String">
          <var>${first_name}</var>
          <doc>Generates a string with a desired ``length`` from the given ``chars``.</doc>
          <msg timestamp="20191021 15:29:11.360" level="INFO">${first_name} = 9xPGOPDZ</msg>
          <status status="PASS" starttime="20191021 15:29:11.360" endtime="20191021 15:29:11.360"/>
        </kw>
        <kw name="Generate Random String" library="String">
          <var>${last_name}</var>
          <doc>Generates a string with a desired ``length`` from the given ``chars``.</doc>
          <msg timestamp="20191021 15:29:11.361" level="INFO">${last_name} = 08V1Y8CO</msg>
          <status status="PASS" starttime="20191021 15:29:11.360" endtime="20191021 15:29:11.361"/>
        </kw>
        <kw name="Salesforce Insert" library="cumulusci.robotframework.Salesforce">
          <var>${contact_id}</var>
          <arg>Contact</arg>
          <arg>FirstName=${first_name}</arg>
          <arg>LastName=${last_name}</arg>
          <doc>Inserts a Salesforce object setting fields using kwargs and returns the id</doc>
          <msg timestamp="20191021 15:29:11.361" level="INFO">Inserting Contact with values {'FirstName': '9xPGOPDZ', 'LastName': '08V1Y8CO'}</msg>
          <msg timestamp="20191021 15:29:12.330" level="INFO">Storing Contact 0034F00000SYtgTQAT to session records</msg>
          <msg timestamp="20191021 15:29:12.331" level="INFO">${contact_id} = 0034F00000SYtgTQAT</msg>
          <status status="PASS" starttime="REMOVED_FOR_CLARITY" endtime="REMOVED_FOR_CLARITY"/>
        </kw>
        <kw name="Salesforce Get" library="cumulusci.robotframework.Salesforce">
          <var>&amp;{contact}</var>
          <arg>Contact</arg>
          <arg>${contact_id}</arg>
          <doc>Gets a Salesforce object by id and returns the dict result</doc>
          <msg timestamp="REMOVED_FOR_CLARITY" level="INFO">Getting Contact with Id 0034F00000SYtgTQAT</msg>
          <msg timestamp="REMOVED_FOR_CLARITY" level="INFO">&amp;{contact} = { attributes={'type': 'Contact', 'url': '/services/data/v46.0/sobjects/Contact/0034F00000SYtgTQAT'} | Id=0034F00000SYtgTQAT | IsDeleted=False | MasterRecordId=None | AccountId=None | LastName=08V1Y8CO...</msg>
          <status status="PASS" starttime="REMOVED_FOR_CLARITY" endtime="REMOVED_FOR_CLARITY"/>
        </kw>
        <msg timestamp="REMOVED_FOR_CLARITY" level="INFO">&amp;{contact} = { attributes={'type': 'Contact', 'url': '/services/data/v46.0/sobjects/Contact/0034F00000SYtgTQAT'} | Id=0034F00000SYtgTQAT | IsDeleted=False | MasterRecordId=None | AccountId=None | LastName=08V1Y8CO...</msg>
        <status status="PASS" starttime="20191021 01:00:07.000" endtime="20191021 01:00:20.000"/>
      </kw>
      <tag>api</tag>
      <tag>Runme</tag>
      <status status="PASS" starttime="20191021 01:00:00.000" endtime="20191021 01:00:21.001"/>
    </test>
    <test id="s1-t3" name="FakeTestResult_teardown_no_setup">
      <kw name="Create Contact">
        <var>&amp;{contact}</var>
        <kw name="Generate Random String" library="String">
          <var>${first_name}</var>
          <doc>Generates a string with a desired ``length`` from the given ``chars``.</doc>
          <msg timestamp="20191021 15:29:11.360" level="INFO">${first_name} = 9xPGOPDZ</msg>
          <status status="PASS" starttime="20191021 15:29:11.360" endtime="20191021 15:29:11.360"/>
        </kw>
        <kw name="Generate Random String" library="String">
          <var>${last_name}</var>
          <doc>Generates a string with a desired ``length`` from the given ``chars``.</doc>
          <msg timestamp="20191021 15:29:11.361" level="INFO">${last_name} = 08V1Y8CO</msg>
          <status status="PASS" starttime="20191021 15:29:11.360" endtime="20191021 15:29:11.361"/>
        </kw>
        <kw name="Salesforce Insert" library="cumulusci.robotframework.Salesforce">
          <var>${contact_id}</var>
          <arg>Contact</arg>
          <arg>FirstName=${first_name}</arg>
          <arg>LastName=${last_name}</arg>
          <doc>Inserts a Salesforce object setting fields using kwargs and returns the id</doc>
          <msg timestamp="20191021 15:29:11.361" level="INFO">Inserting Contact with values {'FirstName': '9xPGOPDZ', 'LastName': '08V1Y8CO'}</msg>
          <msg timestamp="20191021 15:29:12.330" level="INFO">Storing Contact 0034F00000SYtgTQAT to session records</msg>
          <msg timestamp="20191021 15:29:12.331" level="INFO">${contact_id} = 0034F00000SYtgTQAT</msg>
          <status status="PASS" starttime="REMOVED_FOR_CLARITY" endtime="REMOVED_FOR_CLARITY"/>
        </kw>
        <kw name="Salesforce Get" library="cumulusci.robotframework.Salesforce">
          <var>&amp;{contact}</var>
          <arg>Contact</arg>
          <arg>${contact_id}</arg>
          <doc>Gets a Salesforce object by id and returns the dict result</doc>
          <msg timestamp="REMOVED_FOR_CLARITY" level="INFO">Getting Contact with Id 0034F00000SYtgTQAT</msg>
          <msg timestamp="REMOVED_FOR_CLARITY" level="INFO">&amp;{contact} = { attributes={'type': 'Contact', 'url': '/services/data/v46.0/sobjects/Contact/0034F00000SYtgTQAT'} | Id=0034F00000SYtgTQAT | IsDeleted=False | MasterRecordId=None | AccountId=None | LastName=08V1Y8CO...</msg>
          <status status="PASS" starttime="REMOVED_FOR_CLARITY" endtime="REMOVED_FOR_CLARITY"/>
        </kw>
        <msg timestamp="REMOVED_FOR_CLARITY" level="INFO">&amp;{contact} = { attributes={'type': 'Contact', 'url': '/services/data/v46.0/sobjects/Contact/0034F00000SYtgTQAT'} | Id=0034F00000SYtgTQAT | IsDeleted=False | MasterRecordId=None | AccountId=None | LastName=08V1Y8CO...</msg>
        <status status="PASS" starttime="20191021 01:00:07.000" endtime="20191021 01:00:20.000"/>
      </kw>
      <kw name="Do Some Cleanup" library="cumulusci.robotframework.Salesforce" type="TEARDOWN">
        <doc>Cleanup the stuff.</doc>
        <status status="PASS" starttime="20191021 01:00:20.001" endtime="20191021 01:00:21.000"/>
      </kw>
      <tag>api</tag>
      <tag>Runme</tag>
      <status status="PASS" starttime="20191021 01:00:00.000" endtime="20191021 01:00:21.001"/>
    </test>
    <status status="PASS" starttime="20191021 01:00:00.000" endtime="20191021 01:00:21.002"/>
  </suite>
  <statistics>
    <total>
      <stat pass="3" fail="0" skip="0">All Tests</stat>
    </total>
    <tag>
      <stat pass="3" fail="0" skip="0">api</stat>
      <stat pass="3" fail="0" skip="0">Runme</stat>
    </tag>
    <suite>
      <stat pass="3" fail="0" skip="0" id="s1" name="Api">Api</stat>
    </suite>
  </statistics>
  <errors>
  </errors>
</robot>
